Log file open, 07/17/18 19:25:32
LogWindows: Failed to load 'aqProf.dll' (GetLastError=126)
LogWindows: File 'aqProf.dll' does not exist
LogWindows: Failed to load 'VtuneApi.dll' (GetLastError=126)
LogWindows: File 'VtuneApi.dll' does not exist
LogWindows: Failed to load 'VtuneApi32e.dll' (GetLastError=126)
LogWindows: File 'VtuneApi32e.dll' does not exist
LogInit: Display: Running engine for game: OurGameA
LogPlatformFile: Not using cached read wrapper
LogInit: Display: RandInit(-1242189496) SRandInit(-1242189496).
LogInit: Read version file with build ID '3944462'
LogInit: Overriding engine version to CL 4033788, compatible CL 3944462
LogInit: Registered custom module enumerator with build ID '3944462'
LogTaskGraph: Started task graph with 5 named threads and 23 total threads with 3 sets of task threads.
LogStats: Stats thread started at 0.257907
LogD3D11RHI: Aftermath initialized
LogICUInternationalization: Display: ICU TimeZone Detection - Raw Offset: -8:00, Platform Override: ''
LogPluginManager: Mounting plugin Paper2D
LogPluginManager: Mounting plugin LiveLink
LogPluginManager: Mounting plugin LightPropagationVolume
LogPluginManager: Mounting plugin CLionSourceCodeAccess
LogPluginManager: Mounting plugin CodeLiteSourceCodeAccess
LogPluginManager: Mounting plugin GitSourceControl
LogPluginManager: Mounting plugin KDevelopSourceCodeAccess
LogPluginManager: Mounting plugin NullSourceCodeAccess
LogPluginManager: Mounting plugin PerforceSourceControl
LogPluginManager: Mounting plugin SubversionSourceControl
LogPluginManager: Mounting plugin UObjectPlugin
LogPluginManager: Mounting plugin VisualStudioCodeSourceCodeAccess
LogPluginManager: Mounting plugin VisualStudioSourceCodeAccess
LogPluginManager: Mounting plugin XCodeSourceCodeAccess
LogPluginManager: Mounting plugin AssetManagerEditor
LogPluginManager: Mounting plugin CryptoKeys
LogPluginManager: Mounting plugin DataValidation
LogPluginManager: Mounting plugin FacialAnimation
LogPluginManager: Mounting plugin GameplayTagsEditor
LogPluginManager: Mounting plugin MobileLauncherProfileWizard
LogPluginManager: Mounting plugin PluginBrowser
LogPluginManager: Mounting plugin SpeedTreeImporter
LogPluginManager: Mounting plugin DatasmithContent
LogPluginManager: Mounting plugin AlembicImporter
LogPluginManager: Mounting plugin CharacterAI
LogPluginManager: Mounting plugin HTML5Networking
LogPluginManager: Mounting plugin AndroidMedia
LogPluginManager: Mounting plugin AvfMedia
LogPluginManager: Mounting plugin ImgMedia
LogPluginManager: Mounting plugin LinearTimecode
LogPluginManager: Mounting plugin MediaCompositing
LogPluginManager: Mounting plugin MediaPlayerEditor
LogPluginManager: Mounting plugin WmfMedia
LogPluginManager: Mounting plugin TcpMessaging
LogPluginManager: Mounting plugin UdpMessaging
LogPluginManager: Mounting plugin ActorSequence
LogPluginManager: Mounting plugin LevelSequenceEditor
LogPluginManager: Mounting plugin MatineeToLevelSequence
LogPluginManager: Mounting plugin NetcodeUnitTest
LogPluginManager: Mounting plugin NUTUnrealEngine4
LogPluginManager: Mounting plugin OnlineSubsystemGooglePlay
LogPluginManager: Mounting plugin OnlineSubsystemIOS
LogPluginManager: Mounting plugin OnlineSubsystem
LogPluginManager: Mounting plugin OnlineSubsystemNull
LogPluginManager: Mounting plugin OnlineSubsystemUtils
LogPluginManager: Mounting plugin AndroidDeviceProfileSelector
LogPluginManager: Mounting plugin AndroidMoviePlayer
LogPluginManager: Mounting plugin AndroidPermission
LogPluginManager: Mounting plugin AppleARKit
LogPluginManager: Mounting plugin AppleMoviePlayer
LogPluginManager: Mounting plugin ArchVisCharacter
LogPluginManager: Mounting plugin AudioCapture
LogPluginManager: Mounting plugin CableComponent
LogPluginManager: Mounting plugin CustomMeshComponent
LogPluginManager: Mounting plugin ExampleDeviceProfileSelector
LogPluginManager: Mounting plugin GoogleCloudMessaging
LogPluginManager: Mounting plugin ImmediatePhysics
LogPluginManager: Mounting plugin IOSDeviceProfileSelector
LogPluginManager: Mounting plugin LinuxDeviceProfileSelector
LogPluginManager: Mounting plugin LocationServicesBPLibrary
LogPluginManager: Mounting plugin MobilePatchingUtils
LogPluginManager: Mounting plugin OculusVR
LogPluginManager: Plugin shader directory ../../../Engine/Plugins/Runtime/Oculus/OculusVR/Shaders found
LogPluginManager: Mapping shader source directory ../../../Engine/Plugins/Runtime/Oculus/OculusVR/Shaders to virtual directory /Plugin/OculusVR
LogPluginManager: Mounting plugin PhysXVehicles
LogPluginManager: Mounting plugin ProceduralMeshComponent
LogPluginManager: Mounting plugin RuntimePhysXCooking
LogPluginManager: Mounting plugin SteamVR
LogPluginManager: Mounting plugin WindowsMoviePlayer
LogStreaming: Display: Took  0.062s to configure plugins.
LogModuleManager: Display: Found up-to-date module file ../../../Engine/Plugins/2D/Paper2D/Binaries/Win64/UE4Editor-Paper2D.dll (API version 3944462).
LogModuleManager: Display: Found up-to-date module file ../../../Engine/Plugins/2D/Paper2D/Binaries/Win64/UE4Editor-Paper2DEditor.dll (API version 3944462).
LogModuleManager: Display: Found up-to-date module file ../../../Engine/Plugins/2D/Paper2D/Binaries/Win64/UE4Editor-PaperSpriteSheetImporter.dll (API version 3944462).
LogModuleManager: Display: Found up-to-date module file ../../../Engine/Plugins/2D/Paper2D/Binaries/Win64/UE4Editor-PaperTiledImporter.dll (API version 3944462).
LogModuleManager: Display: Found up-to-date module file ../../../Engine/Plugins/2D/Paper2D/Binaries/Win64/UE4Editor-SmartSnapping.dll (API version 3944462).
LogModuleManager: Display: Found up-to-date module file ../../../Engine/Plugins/Animation/LiveLink/Binaries/Win64/UE4Editor-LiveLink.dll (API version 3944462).
LogModuleManager: Display: Found up-to-date module file ../../../Engine/Plugins/Animation/LiveLink/Binaries/Win64/UE4Editor-LiveLinkEditor.dll (API version 3944462).
LogModuleManager: Display: Found up-to-date module file ../../../Engine/Plugins/Blendables/LightPropagationVolume/Binaries/Win64/UE4Editor-LightPropagationVolumeRuntime.dll (API version 3944462).
LogModuleManager: Display: Found up-to-date module file ../../../Engine/Plugins/Blendables/LightPropagationVolume/Binaries/Win64/UE4Editor-LightPropagationVolumeEditor.dll (API version 3944462).
LogModuleManager: Display: Found up-to-date module file ../../../Engine/Plugins/Developer/CLionSourceCodeAccess/Binaries/Win64/UE4Editor-CLionSourceCodeAccess.dll (API version 3944462).
LogModuleManager: Display: Found up-to-date module file ../../../Engine/Plugins/Developer/GitSourceControl/Binaries/Win64/UE4Editor-GitSourceControl.dll (API version 3944462).
LogModuleManager: Display: Found up-to-date module file ../../../Engine/Plugins/Developer/PerforceSourceControl/Binaries/Win64/UE4Editor-PerforceSourceControl.dll (API version 3944462).
LogModuleManager: Display: Found up-to-date module file ../../../Engine/Plugins/Developer/SubversionSourceControl/Binaries/Win64/UE4Editor-SubversionSourceControl.dll (API version 3944462).
LogModuleManager: Display: Found up-to-date module file ../../../Engine/Plugins/Developer/UObjectPlugin/Binaries/Win64/UE4Editor-UObjectPlugin.dll (API version 3944462).
LogModuleManager: Display: Found up-to-date module file ../../../Engine/Plugins/Developer/VisualStudioCodeSourceCodeAccess/Binaries/Win64/UE4Editor-VisualStudioCodeSourceCodeAccess.dll (API version 3944462).
LogModuleManager: Display: Found up-to-date module file ../../../Engine/Plugins/Developer/VisualStudioSourceCodeAccess/Binaries/Win64/UE4Editor-VisualStudioSourceCodeAccess.dll (API version 3944462).
LogModuleManager: Display: Found up-to-date module file ../../../Engine/Plugins/Editor/AssetManagerEditor/Binaries/Win64/UE4Editor-AssetManagerEditor.dll (API version 3944462).
LogModuleManager: Display: Found up-to-date module file ../../../Engine/Plugins/Editor/CryptoKeys/Binaries/Win64/UE4Editor-CryptoKeys.dll (API version 3944462).
LogModuleManager: Display: Found up-to-date module file ../../../Engine/Plugins/Editor/CryptoKeys/Binaries/Win64/UE4Editor-CryptoKeysOpenSSL.dll (API version 3944462).
LogModuleManager: Display: Found up-to-date module file ../../../Engine/Plugins/Editor/DataValidation/Binaries/Win64/UE4Editor-DataValidation.dll (API version 3944462).
LogModuleManager: Display: Found up-to-date module file ../../../Engine/Plugins/Editor/FacialAnimation/Binaries/Win64/UE4Editor-FacialAnimation.dll (API version 3944462).
LogModuleManager: Display: Found up-to-date module file ../../../Engine/Plugins/Editor/FacialAnimation/Binaries/Win64/UE4Editor-FacialAnimationEditor.dll (API version 3944462).
LogModuleManager: Display: Found up-to-date module file ../../../Engine/Plugins/Editor/GameplayTagsEditor/Binaries/Win64/UE4Editor-GameplayTagsEditor.dll (API version 3944462).
LogModuleManager: Display: Found up-to-date module file ../../../Engine/Plugins/Editor/MobileLauncherProfileWizard/Binaries/Win64/UE4Editor-MobileLauncherProfileWizard.dll (API version 3944462).
LogModuleManager: Display: Found up-to-date module file ../../../Engine/Plugins/Editor/PluginBrowser/Binaries/Win64/UE4Editor-PluginBrowser.dll (API version 3944462).
LogModuleManager: Display: Found up-to-date module file ../../../Engine/Plugins/Editor/SpeedTreeImporter/Binaries/Win64/UE4Editor-SpeedTreeImporter.dll (API version 3944462).
LogModuleManager: Display: Found up-to-date module file ../../../Engine/Plugins/Enterprise/DatasmithContent/Binaries/Win64/UE4Editor-DatasmithContent.dll (API version 3944462).
LogModuleManager: Display: Found up-to-date module file ../../../Engine/Plugins/Experimental/AlembicImporter/Binaries/Win64/UE4Editor-AlembicImporter.dll (API version 3944462).
LogModuleManager: Display: Found up-to-date module file ../../../Engine/Plugins/Experimental/AlembicImporter/Binaries/Win64/UE4Editor-AlembicLibrary.dll (API version 3944462).
LogModuleManager: Display: Found up-to-date module file ../../../Engine/Plugins/Experimental/CharacterAI/Binaries/Win64/UE4Editor-CharacterAI.dll (API version 3944462).
LogModuleManager: Display: Found up-to-date module file ../../../Engine/Plugins/Experimental/HTML5Networking/Binaries/Win64/UE4Editor-HTML5Networking.dll (API version 3944462).
LogModuleManager: Display: Found up-to-date module file ../../../Engine/Plugins/Media/AndroidMedia/Binaries/Win64/UE4Editor-AndroidMediaEditor.dll (API version 3944462).
LogModuleManager: Display: Found up-to-date module file ../../../Engine/Plugins/Media/AndroidMedia/Binaries/Win64/UE4Editor-AndroidMediaFactory.dll (API version 3944462).
LogModuleManager: Display: Found up-to-date module file ../../../Engine/Plugins/Media/AvfMedia/Binaries/Win64/UE4Editor-AvfMediaEditor.dll (API version 3944462).
LogModuleManager: Display: Found up-to-date module file ../../../Engine/Plugins/Media/AvfMedia/Binaries/Win64/UE4Editor-AvfMediaFactory.dll (API version 3944462).
LogModuleManager: Display: Found up-to-date module file ../../../Engine/Plugins/Media/AvfMedia/Binaries/Win64/UE4Editor-AvfMediaFactory.dll (API version 3944462).
LogModuleManager: Display: Found up-to-date module file ../../../Engine/Plugins/Media/ImgMedia/Binaries/Win64/UE4Editor-ImgMedia.dll (API version 3944462).
LogModuleManager: Display: Found up-to-date module file ../../../Engine/Plugins/Media/ImgMedia/Binaries/Win64/UE4Editor-ImgMediaEditor.dll (API version 3944462).
LogModuleManager: Display: Found up-to-date module file ../../../Engine/Plugins/Media/ImgMedia/Binaries/Win64/UE4Editor-ImgMediaFactory.dll (API version 3944462).
LogModuleManager: Display: Found up-to-date module file ../../../Engine/Plugins/Media/ImgMedia/Binaries/Win64/UE4Editor-ImgMediaFactory.dll (API version 3944462).
LogModuleManager: Display: Found up-to-date module file ../../../Engine/Plugins/Media/ImgMedia/Binaries/Win64/UE4Editor-OpenExrWrapper.dll (API version 3944462).
LogModuleManager: Display: Found up-to-date module file ../../../Engine/Plugins/Media/LinearTimecode/Binaries/Win64/UE4Editor-LinearTimecode.dll (API version 3944462).
LogModuleManager: Display: Found up-to-date module file ../../../Engine/Plugins/Media/MediaCompositing/Binaries/Win64/UE4Editor-MediaCompositing.dll (API version 3944462).
LogModuleManager: Display: Found up-to-date module file ../../../Engine/Plugins/Media/MediaCompositing/Binaries/Win64/UE4Editor-MediaCompositingEditor.dll (API version 3944462).
LogModuleManager: Display: Found up-to-date module file ../../../Engine/Plugins/Media/MediaPlayerEditor/Binaries/Win64/UE4Editor-MediaPlayerEditor.dll (API version 3944462).
LogModuleManager: Display: Found up-to-date module file ../../../Engine/Plugins/Media/WmfMedia/Binaries/Win64/UE4Editor-WmfMedia.dll (API version 3944462).
LogModuleManager: Display: Found up-to-date module file ../../../Engine/Plugins/Media/WmfMedia/Binaries/Win64/UE4Editor-WmfMediaEditor.dll (API version 3944462).
LogModuleManager: Display: Found up-to-date module file ../../../Engine/Plugins/Media/WmfMedia/Binaries/Win64/UE4Editor-WmfMediaFactory.dll (API version 3944462).
LogModuleManager: Display: Found up-to-date module file ../../../Engine/Plugins/Media/WmfMedia/Binaries/Win64/UE4Editor-WmfMediaFactory.dll (API version 3944462).
LogModuleManager: Display: Found up-to-date module file ../../../Engine/Plugins/Messaging/TcpMessaging/Binaries/Win64/UE4Editor-TcpMessaging.dll (API version 3944462).
LogModuleManager: Display: Found up-to-date module file ../../../Engine/Plugins/Messaging/UdpMessaging/Binaries/Win64/UE4Editor-UdpMessaging.dll (API version 3944462).
LogModuleManager: Display: Found up-to-date module file ../../../Engine/Plugins/MovieScene/ActorSequence/Binaries/Win64/UE4Editor-ActorSequence.dll (API version 3944462).
LogModuleManager: Display: Found up-to-date module file ../../../Engine/Plugins/MovieScene/LevelSequenceEditor/Binaries/Win64/UE4Editor-LevelSequenceEditor.dll (API version 3944462).
LogModuleManager: Display: Found up-to-date module file ../../../Engine/Plugins/MovieScene/MatineeToLevelSequence/Binaries/Win64/UE4Editor-MatineeToLevelSequence.dll (API version 3944462).
LogModuleManager: Display: Found up-to-date module file ../../../Engine/Plugins/NetcodeUnitTest/NetcodeUnitTest/Binaries/Win64/UE4Editor-NetcodeUnitTest.dll (API version 3944462).
LogModuleManager: Display: Found up-to-date module file ../../../Engine/Plugins/NetcodeUnitTest/NUTUnrealEngine4/Binaries/Win64/UE4Editor-NUTUnrealEngine4.dll (API version 3944462).
LogModuleManager: Display: Found up-to-date module file ../../../Engine/Plugins/Online/OnlineSubsystem/Binaries/Win64/UE4Editor-OnlineSubsystem.dll (API version 3944462).
LogModuleManager: Display: Found up-to-date module file ../../../Engine/Plugins/Online/OnlineSubsystemNull/Binaries/Win64/UE4Editor-OnlineSubsystemNull.dll (API version 3944462).
LogModuleManager: Display: Found up-to-date module file ../../../Engine/Plugins/Online/OnlineSubsystemUtils/Binaries/Win64/UE4Editor-OnlineSubsystemUtils.dll (API version 3944462).
LogModuleManager: Display: Found up-to-date module file ../../../Engine/Plugins/Online/OnlineSubsystemUtils/Binaries/Win64/UE4Editor-OnlineBlueprintSupport.dll (API version 3944462).
LogModuleManager: Display: Found up-to-date module file ../../../Engine/Plugins/Runtime/AndroidDeviceProfileSelector/Binaries/Win64/UE4Editor-AndroidDeviceProfileSelector.dll (API version 3944462).
LogModuleManager: Display: Found up-to-date module file ../../../Engine/Plugins/Runtime/AndroidPermission/Binaries/Win64/UE4Editor-AndroidPermission.dll (API version 3944462).
LogModuleManager: Display: Found up-to-date module file ../../../Engine/Plugins/Runtime/AppleARKit/Binaries/Win64/UE4Editor-AppleARKit.dll (API version 3944462).
LogModuleManager: Display: Found up-to-date module file ../../../Engine/Plugins/Runtime/ArchVisCharacter/Binaries/Win64/UE4Editor-ArchVisCharacter.dll (API version 3944462).
LogModuleManager: Display: Found up-to-date module file ../../../Engine/Plugins/Runtime/AudioCapture/Binaries/Win64/UE4Editor-AudioCapture.dll (API version 3944462).
LogModuleManager: Display: Found up-to-date module file ../../../Engine/Plugins/Runtime/AudioCapture/Binaries/Win64/UE4Editor-AudioCaptureEditor.dll (API version 3944462).
LogModuleManager: Display: Found up-to-date module file ../../../Engine/Plugins/Runtime/CableComponent/Binaries/Win64/UE4Editor-CableComponent.dll (API version 3944462).
LogModuleManager: Display: Found up-to-date module file ../../../Engine/Plugins/Runtime/CustomMeshComponent/Binaries/Win64/UE4Editor-CustomMeshComponent.dll (API version 3944462).
LogModuleManager: Display: Found up-to-date module file ../../../Engine/Plugins/Runtime/ExampleDeviceProfileSelector/Binaries/Win64/UE4Editor-ExampleDeviceProfileSelector.dll (API version 3944462).
LogModuleManager: Display: Found up-to-date module file ../../../Engine/Plugins/Runtime/ImmediatePhysics/Binaries/Win64/UE4Editor-ImmediatePhysics.dll (API version 3944462).
LogModuleManager: Display: Found up-to-date module file ../../../Engine/Plugins/Runtime/ImmediatePhysics/Binaries/Win64/UE4Editor-ImmediatePhysicsEditor.dll (API version 3944462).
LogModuleManager: Display: Found up-to-date module file ../../../Engine/Plugins/Runtime/LocationServicesBPLibrary/Binaries/Win64/UE4Editor-LocationServicesBPLibrary.dll (API version 3944462).
LogModuleManager: Display: Found up-to-date module file ../../../Engine/Plugins/Runtime/MobilePatchingUtils/Binaries/Win64/UE4Editor-MobilePatchingUtils.dll (API version 3944462).
LogModuleManager: Display: Found up-to-date module file ../../../Engine/Plugins/Runtime/Oculus/OculusVR/Binaries/Win64/UE4Editor-OculusHMD.dll (API version 3944462).
LogModuleManager: Display: Found up-to-date module file ../../../Engine/Plugins/Runtime/Oculus/OculusVR/Binaries/Win64/UE4Editor-OculusInput.dll (API version 3944462).
LogModuleManager: Display: Found up-to-date module file ../../../Engine/Plugins/Runtime/Oculus/OculusVR/Binaries/Win64/UE4Editor-OculusEditor.dll (API version 3944462).
LogModuleManager: Display: Found up-to-date module file ../../../Engine/Plugins/Runtime/PhysXVehicles/Binaries/Win64/UE4Editor-PhysXVehicles.dll (API version 3944462).
LogModuleManager: Display: Found up-to-date module file ../../../Engine/Plugins/Runtime/PhysXVehicles/Binaries/Win64/UE4Editor-PhysXVehiclesEditor.dll (API version 3944462).
LogModuleManager: Display: Found up-to-date module file ../../../Engine/Plugins/Runtime/ProceduralMeshComponent/Binaries/Win64/UE4Editor-ProceduralMeshComponent.dll (API version 3944462).
LogModuleManager: Display: Found up-to-date module file ../../../Engine/Plugins/Runtime/ProceduralMeshComponent/Binaries/Win64/UE4Editor-ProceduralMeshComponentEditor.dll (API version 3944462).
LogModuleManager: Display: Found up-to-date module file ../../../Engine/Plugins/Runtime/RuntimePhysXCooking/Binaries/Win64/UE4Editor-RuntimePhysXCooking.dll (API version 3944462).
LogModuleManager: Display: Found up-to-date module file ../../../Engine/Plugins/Runtime/Steam/SteamVR/Binaries/Win64/UE4Editor-SteamVR.dll (API version 3944462).
LogModuleManager: Display: Found up-to-date module file ../../../Engine/Plugins/Runtime/Steam/SteamVR/Binaries/Win64/UE4Editor-SteamVRController.dll (API version 3944462).
LogModuleManager: Display: Found up-to-date module file ../../../Engine/Plugins/Runtime/WindowsMoviePlayer/Binaries/Win64/UE4Editor-WindowsMoviePlayer.dll (API version 3944462).
LogInit: Warning: Incompatible or missing module: UE4Editor-OurGameA.dll
Running C:/Program Files/Epic Games/UE_4.19/Engine/Binaries/DotNET/UnrealBuildTool.exe OurGameA Development Win64 -project="C:/Users/Daxx/Documents/Unreal Projects/OurGameA/OurGameA.uproject" -editorrecompile -progress -NoHotReloadFromIDE
Using 'git status' to determine working set for adaptive non-unity build.
Creating makefile for OurGameA (.uproject file is newer)
Performing full C++ include scan (no include cache file)
@progress push 5%
Parsing headers for OurGameAEditor
  Running UnrealHeaderTool "C:\Users\Daxx\Documents\Unreal Projects\OurGameA\OurGameA.uproject" "C:\Users\Daxx\Documents\Unreal Projects\OurGameA\Intermediate\Build\Win64\OurGameAEditor\Development\OurGameAEditor.uhtmanifest" -LogCmds="loginit warning, logexit warning, logdatabase error" -Unattended -WarningsAsErrors -installed
Reflection code generated for OurGameAEditor in 6.7314177 seconds
@progress pop
Performing 6 actions (4 in parallel)
OurGameAGameModeBase.gen.cpp
OurGameA.init.gen.cpp
OurGameAGameModeBase.cpp
OurGameA.cpp
[5/6] Link UE4Editor-OurGameA.dll
[6/6] Link UE4Editor-OurGameA.lib
   Creating library C:\Users\Daxx\Documents\Unreal Projects\OurGameA\Intermediate\Build\Win64\UE4Editor\Development\UE4Editor-OurGameA.lib and object C:\Users\Daxx\Documents\Unreal Projects\OurGameA\Intermediate\Build\Win64\UE4Editor\Development\UE4Editor-OurGameA.exp
   Creating library C:\Users\Daxx\Documents\Unreal Projects\OurGameA\Intermediate\Build\Win64\UE4Editor\Development\UE4Editor-OurGameA.suppressed.lib and object C:\Users\Daxx\Documents\Unreal Projects\OurGameA\Intermediate\Build\Win64\UE4Editor\Development\UE4Editor-OurGameA.suppressed.exp
Total build time: 12.27 seconds (Local executor: 1.32 seconds)
LogModuleManager: Display: Found up-to-date module file ../../../../../../Users/Daxx/Documents/Unreal Projects/OurGameA/Binaries/Win64/UE4Editor-OurGameA.dll (API version 3944462).
LogModuleManager: Display: Found up-to-date module file ../../../Engine/Plugins/2D/Paper2D/Binaries/Win64/UE4Editor-Paper2D.dll (API version 3944462).
LogModuleManager: Display: Found up-to-date module file ../../../Engine/Plugins/2D/Paper2D/Binaries/Win64/UE4Editor-Paper2DEditor.dll (API version 3944462).
LogModuleManager: Display: Found up-to-date module file ../../../Engine/Plugins/2D/Paper2D/Binaries/Win64/UE4Editor-PaperSpriteSheetImporter.dll (API version 3944462).
LogModuleManager: Display: Found up-to-date module file ../../../Engine/Plugins/2D/Paper2D/Binaries/Win64/UE4Editor-PaperTiledImporter.dll (API version 3944462).
LogModuleManager: Display: Found up-to-date module file ../../../Engine/Plugins/2D/Paper2D/Binaries/Win64/UE4Editor-SmartSnapping.dll (API version 3944462).
LogModuleManager: Display: Found up-to-date module file ../../../Engine/Plugins/Animation/LiveLink/Binaries/Win64/UE4Editor-LiveLink.dll (API version 3944462).
LogModuleManager: Display: Found up-to-date module file ../../../Engine/Plugins/Animation/LiveLink/Binaries/Win64/UE4Editor-LiveLinkEditor.dll (API version 3944462).
LogModuleManager: Display: Found up-to-date module file ../../../Engine/Plugins/Blendables/LightPropagationVolume/Binaries/Win64/UE4Editor-LightPropagationVolumeRuntime.dll (API version 3944462).
LogModuleManager: Display: Found up-to-date module file ../../../Engine/Plugins/Blendables/LightPropagationVolume/Binaries/Win64/UE4Editor-LightPropagationVolumeEditor.dll (API version 3944462).
LogModuleManager: Display: Found up-to-date module file ../../../Engine/Plugins/Developer/CLionSourceCodeAccess/Binaries/Win64/UE4Editor-CLionSourceCodeAccess.dll (API version 3944462).
LogModuleManager: Display: Found up-to-date module file ../../../Engine/Plugins/Developer/GitSourceControl/Binaries/Win64/UE4Editor-GitSourceControl.dll (API version 3944462).
LogModuleManager: Display: Found up-to-date module file ../../../Engine/Plugins/Developer/PerforceSourceControl/Binaries/Win64/UE4Editor-PerforceSourceControl.dll (API version 3944462).
LogModuleManager: Display: Found up-to-date module file ../../../Engine/Plugins/Developer/SubversionSourceControl/Binaries/Win64/UE4Editor-SubversionSourceControl.dll (API version 3944462).
LogModuleManager: Display: Found up-to-date module file ../../../Engine/Plugins/Developer/UObjectPlugin/Binaries/Win64/UE4Editor-UObjectPlugin.dll (API version 3944462).
LogModuleManager: Display: Found up-to-date module file ../../../Engine/Plugins/Developer/VisualStudioCodeSourceCodeAccess/Binaries/Win64/UE4Editor-VisualStudioCodeSourceCodeAccess.dll (API version 3944462).
LogModuleManager: Display: Found up-to-date module file ../../../Engine/Plugins/Developer/VisualStudioSourceCodeAccess/Binaries/Win64/UE4Editor-VisualStudioSourceCodeAccess.dll (API version 3944462).
LogModuleManager: Display: Found up-to-date module file ../../../Engine/Plugins/Editor/AssetManagerEditor/Binaries/Win64/UE4Editor-AssetManagerEditor.dll (API version 3944462).
LogModuleManager: Display: Found up-to-date module file ../../../Engine/Plugins/Editor/CryptoKeys/Binaries/Win64/UE4Editor-CryptoKeys.dll (API version 3944462).
LogModuleManager: Display: Found up-to-date module file ../../../Engine/Plugins/Editor/CryptoKeys/Binaries/Win64/UE4Editor-CryptoKeysOpenSSL.dll (API version 3944462).
LogModuleManager: Display: Found up-to-date module file ../../../Engine/Plugins/Editor/DataValidation/Binaries/Win64/UE4Editor-DataValidation.dll (API version 3944462).
LogModuleManager: Display: Found up-to-date module file ../../../Engine/Plugins/Editor/FacialAnimation/Binaries/Win64/UE4Editor-FacialAnimation.dll (API version 3944462).
LogModuleManager: Display: Found up-to-date module file ../../../Engine/Plugins/Editor/FacialAnimation/Binaries/Win64/UE4Editor-FacialAnimationEditor.dll (API version 3944462).
LogModuleManager: Display: Found up-to-date module file ../../../Engine/Plugins/Editor/GameplayTagsEditor/Binaries/Win64/UE4Editor-GameplayTagsEditor.dll (API version 3944462).
LogModuleManager: Display: Found up-to-date module file ../../../Engine/Plugins/Editor/MobileLauncherProfileWizard/Binaries/Win64/UE4Editor-MobileLauncherProfileWizard.dll (API version 3944462).
LogModuleManager: Display: Found up-to-date module file ../../../Engine/Plugins/Editor/PluginBrowser/Binaries/Win64/UE4Editor-PluginBrowser.dll (API version 3944462).
LogModuleManager: Display: Found up-to-date module file ../../../Engine/Plugins/Editor/SpeedTreeImporter/Binaries/Win64/UE4Editor-SpeedTreeImporter.dll (API version 3944462).
LogModuleManager: Display: Found up-to-date module file ../../../Engine/Plugins/Enterprise/DatasmithContent/Binaries/Win64/UE4Editor-DatasmithContent.dll (API version 3944462).
LogModuleManager: Display: Found up-to-date module file ../../../Engine/Plugins/Experimental/AlembicImporter/Binaries/Win64/UE4Editor-AlembicImporter.dll (API version 3944462).
LogModuleManager: Display: Found up-to-date module file ../../../Engine/Plugins/Experimental/AlembicImporter/Binaries/Win64/UE4Editor-AlembicLibrary.dll (API version 3944462).
LogModuleManager: Display: Found up-to-date module file ../../../Engine/Plugins/Experimental/CharacterAI/Binaries/Win64/UE4Editor-CharacterAI.dll (API version 3944462).
LogModuleManager: Display: Found up-to-date module file ../../../Engine/Plugins/Experimental/HTML5Networking/Binaries/Win64/UE4Editor-HTML5Networking.dll (API version 3944462).
LogModuleManager: Display: Found up-to-date module file ../../../Engine/Plugins/Media/AndroidMedia/Binaries/Win64/UE4Editor-AndroidMediaEditor.dll (API version 3944462).
LogModuleManager: Display: Found up-to-date module file ../../../Engine/Plugins/Media/AndroidMedia/Binaries/Win64/UE4Editor-AndroidMediaFactory.dll (API version 3944462).
LogModuleManager: Display: Found up-to-date module file ../../../Engine/Plugins/Media/AvfMedia/Binaries/Win64/UE4Editor-AvfMediaEditor.dll (API version 3944462).
LogModuleManager: Display: Found up-to-date module file ../../../Engine/Plugins/Media/AvfMedia/Binaries/Win64/UE4Editor-AvfMediaFactory.dll (API version 3944462).
LogModuleManager: Display: Found up-to-date module file ../../../Engine/Plugins/Media/AvfMedia/Binaries/Win64/UE4Editor-AvfMediaFactory.dll (API version 3944462).
LogModuleManager: Display: Found up-to-date module file ../../../Engine/Plugins/Media/ImgMedia/Binaries/Win64/UE4Editor-ImgMedia.dll (API version 3944462).
LogModuleManager: Display: Found up-to-date module file ../../../Engine/Plugins/Media/ImgMedia/Binaries/Win64/UE4Editor-ImgMediaEditor.dll (API version 3944462).
LogModuleManager: Display: Found up-to-date module file ../../../Engine/Plugins/Media/ImgMedia/Binaries/Win64/UE4Editor-ImgMediaFactory.dll (API version 3944462).
LogModuleManager: Display: Found up-to-date module file ../../../Engine/Plugins/Media/ImgMedia/Binaries/Win64/UE4Editor-ImgMediaFactory.dll (API version 3944462).
LogModuleManager: Display: Found up-to-date module file ../../../Engine/Plugins/Media/ImgMedia/Binaries/Win64/UE4Editor-OpenExrWrapper.dll (API version 3944462).
LogModuleManager: Display: Found up-to-date module file ../../../Engine/Plugins/Media/LinearTimecode/Binaries/Win64/UE4Editor-LinearTimecode.dll (API version 3944462).
LogModuleManager: Display: Found up-to-date module file ../../../Engine/Plugins/Media/MediaCompositing/Binaries/Win64/UE4Editor-MediaCompositing.dll (API version 3944462).
LogModuleManager: Display: Found up-to-date module file ../../../Engine/Plugins/Media/MediaCompositing/Binaries/Win64/UE4Editor-MediaCompositingEditor.dll (API version 3944462).
LogModuleManager: Display: Found up-to-date module file ../../../Engine/Plugins/Media/MediaPlayerEditor/Binaries/Win64/UE4Editor-MediaPlayerEditor.dll (API version 3944462).
LogModuleManager: Display: Found up-to-date module file ../../../Engine/Plugins/Media/WmfMedia/Binaries/Win64/UE4Editor-WmfMedia.dll (API version 3944462).
LogModuleManager: Display: Found up-to-date module file ../../../Engine/Plugins/Media/WmfMedia/Binaries/Win64/UE4Editor-WmfMediaEditor.dll (API version 3944462).
LogModuleManager: Display: Found up-to-date module file ../../../Engine/Plugins/Media/WmfMedia/Binaries/Win64/UE4Editor-WmfMediaFactory.dll (API version 3944462).
LogModuleManager: Display: Found up-to-date module file ../../../Engine/Plugins/Media/WmfMedia/Binaries/Win64/UE4Editor-WmfMediaFactory.dll (API version 3944462).
LogModuleManager: Display: Found up-to-date module file ../../../Engine/Plugins/Messaging/TcpMessaging/Binaries/Win64/UE4Editor-TcpMessaging.dll (API version 3944462).
LogModuleManager: Display: Found up-to-date module file ../../../Engine/Plugins/Messaging/UdpMessaging/Binaries/Win64/UE4Editor-UdpMessaging.dll (API version 3944462).
LogModuleManager: Display: Found up-to-date module file ../../../Engine/Plugins/MovieScene/ActorSequence/Binaries/Win64/UE4Editor-ActorSequence.dll (API version 3944462).
LogModuleManager: Display: Found up-to-date module file ../../../Engine/Plugins/MovieScene/LevelSequenceEditor/Binaries/Win64/UE4Editor-LevelSequenceEditor.dll (API version 3944462).
LogModuleManager: Display: Found up-to-date module file ../../../Engine/Plugins/MovieScene/MatineeToLevelSequence/Binaries/Win64/UE4Editor-MatineeToLevelSequence.dll (API version 3944462).
LogModuleManager: Display: Found up-to-date module file ../../../Engine/Plugins/NetcodeUnitTest/NetcodeUnitTest/Binaries/Win64/UE4Editor-NetcodeUnitTest.dll (API version 3944462).
LogModuleManager: Display: Found up-to-date module file ../../../Engine/Plugins/NetcodeUnitTest/NUTUnrealEngine4/Binaries/Win64/UE4Editor-NUTUnrealEngine4.dll (API version 3944462).
LogModuleManager: Display: Found up-to-date module file ../../../Engine/Plugins/Online/OnlineSubsystem/Binaries/Win64/UE4Editor-OnlineSubsystem.dll (API version 3944462).
LogModuleManager: Display: Found up-to-date module file ../../../Engine/Plugins/Online/OnlineSubsystemNull/Binaries/Win64/UE4Editor-OnlineSubsystemNull.dll (API version 3944462).
LogModuleManager: Display: Found up-to-date module file ../../../Engine/Plugins/Online/OnlineSubsystemUtils/Binaries/Win64/UE4Editor-OnlineSubsystemUtils.dll (API version 3944462).
LogModuleManager: Display: Found up-to-date module file ../../../Engine/Plugins/Online/OnlineSubsystemUtils/Binaries/Win64/UE4Editor-OnlineBlueprintSupport.dll (API version 3944462).
LogModuleManager: Display: Found up-to-date module file ../../../Engine/Plugins/Runtime/AndroidDeviceProfileSelector/Binaries/Win64/UE4Editor-AndroidDeviceProfileSelector.dll (API version 3944462).
LogModuleManager: Display: Found up-to-date module file ../../../Engine/Plugins/Runtime/AndroidPermission/Binaries/Win64/UE4Editor-AndroidPermission.dll (API version 3944462).
LogModuleManager: Display: Found up-to-date module file ../../../Engine/Plugins/Runtime/AppleARKit/Binaries/Win64/UE4Editor-AppleARKit.dll (API version 3944462).
LogModuleManager: Display: Found up-to-date module file ../../../Engine/Plugins/Runtime/ArchVisCharacter/Binaries/Win64/UE4Editor-ArchVisCharacter.dll (API version 3944462).
LogModuleManager: Display: Found up-to-date module file ../../../Engine/Plugins/Runtime/AudioCapture/Binaries/Win64/UE4Editor-AudioCapture.dll (API version 3944462).
LogModuleManager: Display: Found up-to-date module file ../../../Engine/Plugins/Runtime/AudioCapture/Binaries/Win64/UE4Editor-AudioCaptureEditor.dll (API version 3944462).
LogModuleManager: Display: Found up-to-date module file ../../../Engine/Plugins/Runtime/CableComponent/Binaries/Win64/UE4Editor-CableComponent.dll (API version 3944462).
LogModuleManager: Display: Found up-to-date module file ../../../Engine/Plugins/Runtime/CustomMeshComponent/Binaries/Win64/UE4Editor-CustomMeshComponent.dll (API version 3944462).
LogModuleManager: Display: Found up-to-date module file ../../../Engine/Plugins/Runtime/ExampleDeviceProfileSelector/Binaries/Win64/UE4Editor-ExampleDeviceProfileSelector.dll (API version 3944462).
LogModuleManager: Display: Found up-to-date module file ../../../Engine/Plugins/Runtime/ImmediatePhysics/Binaries/Win64/UE4Editor-ImmediatePhysics.dll (API version 3944462).
LogModuleManager: Display: Found up-to-date module file ../../../Engine/Plugins/Runtime/ImmediatePhysics/Binaries/Win64/UE4Editor-ImmediatePhysicsEditor.dll (API version 3944462).
LogModuleManager: Display: Found up-to-date module file ../../../Engine/Plugins/Runtime/LocationServicesBPLibrary/Binaries/Win64/UE4Editor-LocationServicesBPLibrary.dll (API version 3944462).
LogModuleManager: Display: Found up-to-date module file ../../../Engine/Plugins/Runtime/MobilePatchingUtils/Binaries/Win64/UE4Editor-MobilePatchingUtils.dll (API version 3944462).
LogModuleManager: Display: Found up-to-date module file ../../../Engine/Plugins/Runtime/Oculus/OculusVR/Binaries/Win64/UE4Editor-OculusHMD.dll (API version 3944462).
LogModuleManager: Display: Found up-to-date module file ../../../Engine/Plugins/Runtime/Oculus/OculusVR/Binaries/Win64/UE4Editor-OculusInput.dll (API version 3944462).
LogModuleManager: Display: Found up-to-date module file ../../../Engine/Plugins/Runtime/Oculus/OculusVR/Binaries/Win64/UE4Editor-OculusEditor.dll (API version 3944462).
LogModuleManager: Display: Found up-to-date module file ../../../Engine/Plugins/Runtime/PhysXVehicles/Binaries/Win64/UE4Editor-PhysXVehicles.dll (API version 3944462).
LogModuleManager: Display: Found up-to-date module file ../../../Engine/Plugins/Runtime/PhysXVehicles/Binaries/Win64/UE4Editor-PhysXVehiclesEditor.dll (API version 3944462).
LogModuleManager: Display: Found up-to-date module file ../../../Engine/Plugins/Runtime/ProceduralMeshComponent/Binaries/Win64/UE4Editor-ProceduralMeshComponent.dll (API version 3944462).
LogModuleManager: Display: Found up-to-date module file ../../../Engine/Plugins/Runtime/ProceduralMeshComponent/Binaries/Win64/UE4Editor-ProceduralMeshComponentEditor.dll (API version 3944462).
LogModuleManager: Display: Found up-to-date module file ../../../Engine/Plugins/Runtime/RuntimePhysXCooking/Binaries/Win64/UE4Editor-RuntimePhysXCooking.dll (API version 3944462).
LogModuleManager: Display: Found up-to-date module file ../../../Engine/Plugins/Runtime/Steam/SteamVR/Binaries/Win64/UE4Editor-SteamVR.dll (API version 3944462).
LogModuleManager: Display: Found up-to-date module file ../../../Engine/Plugins/Runtime/Steam/SteamVR/Binaries/Win64/UE4Editor-SteamVRController.dll (API version 3944462).
LogModuleManager: Display: Found up-to-date module file ../../../Engine/Plugins/Runtime/WindowsMoviePlayer/Binaries/Win64/UE4Editor-WindowsMoviePlayer.dll (API version 3944462).
LogInit: Using libcurl 7.47.1
LogInit:  - built for x86_64-pc-win32
LogInit:  - supports SSL with OpenSSL/1.0.2g
LogInit:  - supports HTTP deflate (compression) using libz 1.2.8
LogInit:  - other features:
LogInit:      CURL_VERSION_SSL
LogInit:      CURL_VERSION_LIBZ
LogInit:      CURL_VERSION_IPV6
LogInit:      CURL_VERSION_ASYNCHDNS
LogInit:      CURL_VERSION_LARGEFILE
LogInit:      CURL_VERSION_IDN
LogInit:  CurlRequestOptions (configurable via config and command line):
LogInit:  - bVerifyPeer = false  - Libcurl will NOT verify peer certificate
LogInit:  - bUseHttpProxy = false  - Libcurl will NOT use HTTP proxy
LogInit:  - bDontReuseConnections = false  - Libcurl will reuse connections
LogInit:  - CertBundlePath = nullptr  - Libcurl will use whatever was configured at build time.
LogInit:  - MaxHostConnections = 16  - Libcurl will limit the number of connections to a host
LogInit:  - LocalHostAddr = Default
LogInit: WinSock: version 1.1 (2.2), MaxSocks=32767, MaxUdp=65467
LogInit: WinSock: I am DESKTOP-HJ1ARIC (192.168.0.11:0)
LogInit: Build: ++UE4+Release-4.19-CL-4033788
LogInit: Engine Version: 4.19.2-4033788+++UE4+Release-4.19
LogInit: Compatible Engine Version: 4.19.0-3944462+++UE4+Release-4.19
LogInit: Net CL: 3944462
LogDevObjectVersion: Number of dev versions registered: 18
LogDevObjectVersion:   Dev-Blueprints (B0D832E4-1F89-4F0D-ACCF-7EB736FD4AA2): 10
LogDevObjectVersion:   Dev-Build (E1C64328-A22C-4D53-A36C-8E866417BD8C): 0
LogDevObjectVersion:   Dev-Core (375EC13C-06E4-48FB-B500-84F0262A717E): 2
LogDevObjectVersion:   Dev-Editor (E4B068ED-F494-42E9-A231-DA0B2E46BB41): 23
LogDevObjectVersion:   Dev-Framework (CFFC743F-43B0-4480-9391-14DF171D2073): 33
LogDevObjectVersion:   Dev-Mobile (B02B49B5-BB20-44E9-A304-32B752E40360): 2
LogDevObjectVersion:   Dev-Networking (A4E4105C-59A1-49B5-A7C5-40C4547EDFEE): 0
LogDevObjectVersion:   Dev-Online (39C831C9-5AE6-47DC-9A44-9C173E1C8E7C): 0
LogDevObjectVersion:   Dev-Physics (78F01B33-EBEA-4F98-B9B4-84EACCB95AA2): 0
LogDevObjectVersion:   Dev-Platform (6631380F-2D4D-43E0-8009-CF276956A95A): 0
LogDevObjectVersion:   Dev-Rendering (12F88B9F-8875-4AFC-A67C-D90C383ABD29): 25
LogDevObjectVersion:   Dev-Sequencer (7B5AE74C-D270-4C10-A958-57980B212A5A): 6
LogDevObjectVersion:   Dev-VR (D7296918-1DD6-4BDD-9DE2-64A83CC13884): 1
LogDevObjectVersion:   Dev-LoadTimes (C2A15278-BFE7-4AFE-6C17-90FF531DF755): 1
LogDevObjectVersion:   Private-Geometry (6EACA3D4-40EC-4CC1-B786-8BED09428FC5): 2
LogDevObjectVersion:   Dev-AnimPhys (29E575DD-E0A3-4627-9D10-D276232CDCEA): 16
LogDevObjectVersion:   Dev-ReflectionCapture (6B266CEC-1EC7-4B8F-A30B-E4D90942FC07): 1
LogDevObjectVersion:   Dev-Automation (0DF73D61-A23F-47EA-B727-89E90C41499A): 1
LogInit: Compiled (64-bit): Apr 27 2018 02:06:57
LogInit: Compiled with Visual C++: 19.00.24215.01
LogInit: Build Configuration: Development
LogInit: Branch Name: ++UE4+Release-4.19
LogInit: Command Line:  
LogInit: Base Directory: C:/Program Files/Epic Games/UE_4.19/Engine/Binaries/Win64/
LogInit: Installed Engine Build: 1
LogStreaming: Display: Took  0.000s to delete old logs.
LogInit: Presizing for max 8388607 objects, including 0 objects not considered by GC, pre-allocating 0 bytes for permanent pool.
LogInit: Object subsystem initialized
[2018.07.18-02.25.48:698][  0]LogInit: Selected Device Profile: [Windows]
[2018.07.18-02.25.48:698][  0]LogInit: Applying CVar settings loaded from the selected device profile: [Windows]
[2018.07.18-02.25.48:706][  0]LogInit: Computer: DESKTOP-HJ1ARIC
[2018.07.18-02.25.48:706][  0]LogInit: User: Daxx
[2018.07.18-02.25.48:706][  0]LogInit: CPU Page size=4096, Cores=4
[2018.07.18-02.25.48:706][  0]LogInit: High frequency timer resolution =3.897223 MHz
[2018.07.18-02.25.48:706][  0]LogMemory: Memory total: Physical=7.8GB (8GB approx)
[2018.07.18-02.25.48:706][  0]LogMemory: Platform Memory Stats for Windows
[2018.07.18-02.25.48:706][  0]LogMemory: Process Physical Memory: 277.85 MB used, 277.85 MB peak
[2018.07.18-02.25.48:706][  0]LogMemory: Process Virtual Memory: 265.18 MB used, 265.18 MB peak
[2018.07.18-02.25.48:706][  0]LogMemory: Physical Memory: 3879.59 MB used,  4126.73 MB free, 8006.32 MB total
[2018.07.18-02.25.48:706][  0]LogMemory: Virtual Memory: 4829.92 MB used,  4126.73 MB free, 134217728.00 MB total
[2018.07.18-02.25.48:718][  0]LogInit: Using OS detected language (en-US).
[2018.07.18-02.25.48:718][  0]LogInit: Using OS detected locale (en-US).
[2018.07.18-02.25.48:721][  0]LogTextLocalizationManager: No specific localization for 'en-US' exists, so the 'en' localization will be used.
[2018.07.18-02.25.49:049][  0]LogStreaming: Display: Took  0.331s to EndInitTextLocalization.
[2018.07.18-02.25.49:049][  0]LogInit: Setting process to per monitor DPI aware
[2018.07.18-02.25.49:076][  0]LogSlate: New Slate User Created.  User Index 0, Is Virtual User: 0
[2018.07.18-02.25.49:076][  0]LogSlate: Slate User Registered.  User Index 0, Is Virtual User: 0
[2018.07.18-02.25.49:217][  0]LogD3D11RHI: D3D11 adapters:
[2018.07.18-02.25.49:275][  0]LogD3D11RHI:    0. 'NVIDIA GeForce GTX 1080 Ti' (Feature Level 11_0)
[2018.07.18-02.25.49:275][  0]LogD3D11RHI:       11127/0/4003 MB DedicatedVideo/DedicatedSystem/SharedSystem, Outputs:2, VendorId:0x10de
[2018.07.18-02.25.49:280][  0]LogD3D11RHI:    1. 'Intel(R) HD Graphics 4600' (Feature Level 11_0)
[2018.07.18-02.25.49:280][  0]LogD3D11RHI:       112/0/2048 MB DedicatedVideo/DedicatedSystem/SharedSystem, Outputs:0, VendorId:0x8086
[2018.07.18-02.25.49:281][  0]LogD3D11RHI:    2. 'Microsoft Basic Render Driver' (Feature Level 11_0)
[2018.07.18-02.25.49:281][  0]LogD3D11RHI:       0/0/4003 MB DedicatedVideo/DedicatedSystem/SharedSystem, Outputs:0, VendorId:0x1414
[2018.07.18-02.25.49:281][  0]LogD3D11RHI: Chosen D3D11 Adapter: 0
[2018.07.18-02.25.49:285][  0]LogD3D11RHI: Creating new Direct3DDevice
[2018.07.18-02.25.49:285][  0]LogD3D11RHI:     GPU DeviceId: 0x1b06 (for the marketing name, search the web for "GPU Device Id")
[2018.07.18-02.25.49:285][  0]LogWindows: EnumDisplayDevices:
[2018.07.18-02.25.49:286][  0]LogWindows:    0. 'NVIDIA GeForce GTX 1080 Ti' (P:1 D:1)
[2018.07.18-02.25.49:286][  0]LogWindows:    1. 'NVIDIA GeForce GTX 1080 Ti' (P:0 D:1)
[2018.07.18-02.25.49:286][  0]LogWindows:    2. 'NVIDIA GeForce GTX 1080 Ti' (P:0 D:0)
[2018.07.18-02.25.49:286][  0]LogWindows:    3. 'NVIDIA GeForce GTX 1080 Ti' (P:0 D:0)
[2018.07.18-02.25.49:286][  0]LogWindows:    4. 'Intel(R) HD Graphics 4600' (P:0 D:0)
[2018.07.18-02.25.49:286][  0]LogWindows:    5. 'Intel(R) HD Graphics 4600' (P:0 D:0)
[2018.07.18-02.25.49:286][  0]LogWindows:    6. 'Intel(R) HD Graphics 4600' (P:0 D:0)
[2018.07.18-02.25.49:286][  0]LogWindows: DebugString: GetVideoDriverDetailsInvalid PrimaryIsNotTheChoosenAdapter GetVideoDriverDetailsInvalid PrimaryIsNotTheChoosenAdapter GetVideoDriverDetailsInvalid PrimaryIsNotTheChoosenAdapter GetVideoDriverDetailsInvalid PrimaryIsNotTheChoosenAdapter GetVideoDriverDetailsInvalid PrimaryIsNotTheChoosenAdapter GetVideoDriverDetailsInvalid PrimaryIsNotTheChoosenAdapter GetVideoDriverDetailsInvalid PrimaryIsNotTheChoosenAdapter FoundDriverCount:0 
[2018.07.18-02.25.49:286][  0]LogD3D11RHI:     Adapter Name: NVIDIA GeForce GTX 1080 Ti
[2018.07.18-02.25.49:286][  0]LogD3D11RHI:   Driver Version: Unknown (internal:Unknown, unified:Unknown)
[2018.07.18-02.25.49:286][  0]LogD3D11RHI:      Driver Date: Unknown
[2018.07.18-02.25.49:286][  0]LogRHI: Texture pool is 7788 MB (70% of 11127 MB)
[2018.07.18-02.25.49:314][  0]LogD3D11RHI: [Aftermath] Aftermath enabled and primed
[2018.07.18-02.25.49:314][  0]LogD3D11RHI: [Aftermath] Aftermath enabled and primed
[2018.07.18-02.25.49:314][  0]LogD3D11RHI: Async texture creation enabled
[2018.07.18-02.25.49:331][  0]LogD3D11RHI: GPU Timing Frequency: 1000.000000 (Debug: 2 2)
[2018.07.18-02.25.49:427][  0]LogShaderCompilers: Guid format shader working directory is -19 characters bigger than the processId version (../../../../../../Users/Daxx/Documents/Unreal Projects/OurGameA/Intermediate/Shaders/WorkingDirectory/11728/).
[2018.07.18-02.25.49:427][  0]LogShaderCompilers: Cleaned the shader compiler working directory 'C:/Users/Daxx/AppData/Local/Temp/UnrealShaderWorkingDir/93B2C4384B7976DCFD9F5A8BFBA02E3C/'.
[2018.07.18-02.25.49:575][  0]LogTemp: Display: Loaded TP AllDesktopTargetPlatform
[2018.07.18-02.25.49:585][  0]LogTemp: Display: Loaded TP MacClientTargetPlatform
[2018.07.18-02.25.49:595][  0]LogTemp: Display: Loaded TP MacNoEditorTargetPlatform
[2018.07.18-02.25.49:605][  0]LogTemp: Display: Loaded TP MacServerTargetPlatform
[2018.07.18-02.25.49:615][  0]LogTemp: Display: Loaded TP MacTargetPlatform
[2018.07.18-02.25.49:625][  0]LogTemp: Display: Loaded TP WindowsClientTargetPlatform
[2018.07.18-02.25.49:635][  0]LogTemp: Display: Loaded TP WindowsNoEditorTargetPlatform
[2018.07.18-02.25.49:646][  0]LogTemp: Display: Loaded TP WindowsServerTargetPlatform
[2018.07.18-02.25.49:651][  0]LogTemp: Display: Loaded TP WindowsTargetPlatform
[2018.07.18-02.25.49:659][  0]LogTemp: Display: Loaded TP Android_ASTCTargetPlatform
[2018.07.18-02.25.49:668][  0]LogTemp: Display: Loaded TP Android_ATCTargetPlatform
[2018.07.18-02.25.49:679][  0]LogTemp: Display: Loaded TP Android_DXTTargetPlatform
[2018.07.18-02.25.49:688][  0]LogTemp: Display: Loaded TP Android_ETC1aTargetPlatform
[2018.07.18-02.25.49:696][  0]LogTemp: Display: Loaded TP Android_ETC1TargetPlatform
[2018.07.18-02.25.49:706][  0]LogTemp: Display: Loaded TP Android_ETC2TargetPlatform
[2018.07.18-02.25.49:728][  0]LogTemp: Display: Loaded TP Android_MultiTargetPlatform
[2018.07.18-02.25.49:728][  0]LogTemp: Display: Loaded TP Android_PVRTCTargetPlatform
[2018.07.18-02.25.49:741][  0]LogTemp: Display: Loaded TP AndroidTargetPlatform
[2018.07.18-02.25.49:742][  0]LogTemp: Display: Loaded TP HTML5TargetPlatform
[2018.07.18-02.25.49:776][  0]LogTemp: Display: Loaded TP IOSTargetPlatform
[2018.07.18-02.25.49:784][  0]LogTemp: Display: Loaded TP TVOSTargetPlatform
[2018.07.18-02.25.49:793][  0]LogTemp: Display: Loaded TP LinuxClientTargetPlatform
[2018.07.18-02.25.49:802][  0]LogTemp: Display: Loaded TP LinuxNoEditorTargetPlatform
[2018.07.18-02.25.49:811][  0]LogTemp: Display: Loaded TP LinuxServerTargetPlatform
[2018.07.18-02.25.49:820][  0]LogTemp: Display: Loaded TP LinuxTargetPlatform
[2018.07.18-02.25.49:820][  0]LogTargetPlatformManager: Display: Building Assets For Windows
[2018.07.18-02.25.49:894][  0]LogXGEController: Cleaning working directory: C:/Users/Daxx/AppData/Local/Temp/UnrealXGEWorkingDir/
[2018.07.18-02.25.49:895][  0]LogXGEController: Cannot use XGE Controller as Incredibuild is not installed on this machine.
[2018.07.18-02.25.49:895][  0]LogShaderCompilers: Cannot use XGE Shader Compiler as Incredibuild is not installed on this machine.
[2018.07.18-02.25.49:895][  0]LogShaderCompilers: Display: Using Local Shader Compiler.
[2018.07.18-02.25.50:432][  0]LogDerivedDataCache: Display: Max Cache Size: 512 MB
[2018.07.18-02.25.50:490][  0]LogDerivedDataCache: Loaded boot cache 0.06s 74MB C:/Users/Daxx/AppData/Local/UnrealEngine/4.19/DerivedDataCache/Boot.ddc.
[2018.07.18-02.25.50:490][  0]LogDerivedDataCache: Display: Loaded Boot cache: C:/Users/Daxx/AppData/Local/UnrealEngine/4.19/DerivedDataCache/Boot.ddc
[2018.07.18-02.25.50:490][  0]LogDerivedDataCache: FDerivedDataBackendGraph:  Pak pak cache file ../../../../../../Users/Daxx/Documents/Unreal Projects/OurGameA/DerivedDataCache/DDC.ddp not found, will not use a pak cache.
[2018.07.18-02.25.50:490][  0]LogDerivedDataCache: Unable to find inner node Pak for hierarchical cache Hierarchy.
[2018.07.18-02.25.50:490][  0]LogDerivedDataCache: FDerivedDataBackendGraph:  CompressedPak pak cache file ../../../../../../Users/Daxx/Documents/Unreal Projects/OurGameA/DerivedDataCache/Compressed.ddp not found, will not use a pak cache.
[2018.07.18-02.25.50:490][  0]LogDerivedDataCache: Unable to find inner node CompressedPak for hierarchical cache Hierarchy.
[2018.07.18-02.25.50:503][  0]LogDerivedDataCache: Display: Pak cache opened for reading ../../../Engine/DerivedDataCache/Compressed.ddp.
[2018.07.18-02.25.50:515][  0]LogDerivedDataCache: Using Local data cache path C:/Users/Daxx/AppData/Local/UnrealEngine/Common/DerivedDataCache: Writable
[2018.07.18-02.25.50:515][  0]LogDerivedDataCache: Shared data cache path not found in *engine.ini, will not use an Shared cache.
[2018.07.18-02.25.50:515][  0]LogDerivedDataCache: Unable to find inner node Shared for hierarchical cache Hierarchy.
[2018.07.18-02.25.50:524][  0]LogMaterial: Verifying Global Shaders for PCD3D_SM5
[2018.07.18-02.25.50:524][  0]LogSlate: Using Freetype 2.6.0
[2018.07.18-02.25.50:525][  0]LogSlate: SlateFontCache - WITH_FREETYPE: 1, WITH_HARFBUZZ: 1
[2018.07.18-02.25.50:525][  0]LogSlate: SlateFontCache - WITH_FREETYPE: 1, WITH_HARFBUZZ: 1
[2018.07.18-02.25.50:623][  0]LogAssetRegistry: FAssetRegistry took 0.0255 seconds to start up
[2018.07.18-02.25.50:896][  0]LogInit: Selected Device Profile: [Windows]
[2018.07.18-02.25.51:012][  0]LogSimplygon: Simplygon DLL not present - disabling.
[2018.07.18-02.25.51:015][  0]LogMeshReduction: Using SimplygonSwarm for distributed automatic mesh merging
[2018.07.18-02.25.51:015][  0]LogMeshReduction: Using QuadricMeshReduction for automatic static mesh reduction
[2018.07.18-02.25.51:015][  0]LogMeshReduction: No automatic skeletal mesh reduction module available
[2018.07.18-02.25.51:015][  0]LogMeshReduction: No automatic mesh merging module available
[2018.07.18-02.25.51:015][  0]LogMeshMerging: No automatic mesh merging module available
[2018.07.18-02.25.51:039][  0]LogNetVersion: OurGameA , NetCL: 3944462, EngineNetVer: 2, GameNetVer: 0 (Checksum: 718105118)
[2018.07.18-02.25.51:408][  0]LogPackageLocalizationCache: Processed 9 localized package path(s) for 2 prioritized culture(s) in 0.056908 seconds
[2018.07.18-02.25.51:413][  0]LogUObjectArray: 36728 objects as part of root set at end of initial load.
[2018.07.18-02.25.51:413][  0]LogUObjectAllocator: 7314312 out of 0 bytes used by permanent object pool.
[2018.07.18-02.25.51:413][  0]LogUObjectArray: CloseDisregardForGC: 0/0 objects in disregard for GC pool
[2018.07.18-02.25.52:783][  0]LogTcpMessaging: Initializing TcpMessaging bridge
[2018.07.18-02.25.52:819][  0]LogUdpMessaging: Initializing bridge on interface 0.0.0.0:0 to multicast group 230.0.0.1:6666.
[2018.07.18-02.25.53:086][  0]SourceControl: Source control is disabled
[2018.07.18-02.25.53:086][  0]SourceControl: Source control is disabled
[2018.07.18-02.25.53:098][  0]SourceControl: Source control is disabled
[2018.07.18-02.25.53:109][  0]SourceControl: Source control is disabled
[2018.07.18-02.25.53:454][  0]LogAndroidPermission: UAndroidPermissionCallbackProxy::GetInstance
[2018.07.18-02.25.53:628][  0]LogOcInput: OculusInput pre-init called
[2018.07.18-02.25.53:705][  0]LogEngine: Initializing Engine...
[2018.07.18-02.25.59:040][  0]LogHMD: Failed to initialize OpenVR with code 208
[2018.07.18-02.25.59:041][  0]LogStats: UGameplayTagsManager::ConstructGameplayTagTree: Construct from data asset -  0.000 s
[2018.07.18-02.25.59:041][  0]LogStats: UGameplayTagsManager::ConstructGameplayTagTree: GameplayTagTreeChangedEvent.Broadcast -  0.000 s
[2018.07.18-02.25.59:213][  0]LogAIModule: Creating AISystem for world Untitled
[2018.07.18-02.25.59:294][  0]LogInit: XAudio2 using 'Headphones (Astro A50 Game)' : 6 channels at 48 kHz using 16 bits per sample (channel mask 0x60f)
[2018.07.18-02.25.59:303][  0]LogInit: FAudioDevice initialized.
[2018.07.18-02.25.59:441][  0]LogDerivedDataCache: Saved boot cache 0.14s 74MB C:/Users/Daxx/AppData/Local/UnrealEngine/4.19/DerivedDataCache/Boot.ddc.
[2018.07.18-02.25.59:455][  0]LogInit: Texture streaming: Enabled
[2018.07.18-02.25.59:469][  0]LogEngineSessionManager: EngineSessionManager initialized
[2018.07.18-02.25.59:481][  0]LogWindowsTextInputMethodSystem: Display: IME system now deactivated.
[2018.07.18-02.25.59:509][  0]LogInit: Transaction tracking system initialized
[2018.07.18-02.25.59:527][  0]BlueprintLog: New page: Editor Load
[2018.07.18-02.25.59:623][  0]LocalizationService: Localization service is disabled
[2018.07.18-02.25.59:712][  0]LogConsoleResponse: Display: 
[2018.07.18-02.25.59:813][  0]LogAutoReimportManager: Warning: Unable to watch directory ../../../../../../Users/Daxx/Documents/Unreal Projects/OurGameA/Content/ as it doesn't exist.
[2018.07.18-02.25.59:813][  0]LogCook: Display: Max memory allowance for cook 16384mb min free memory 0mb
[2018.07.18-02.25.59:813][  0]LogCook: Display: Mobile HDR setting 1
[2018.07.18-02.25.59:813][  0]LogGameplayTags: Display: UGameplayTagsManager::DoneAddingNativeTags. DelegateIsBound: 0
[2018.07.18-02.25.59:813][  0]LogStats: UGameplayTagsManager::ConstructGameplayTagTree: Construct from data asset -  0.000 s
[2018.07.18-02.25.59:813][  0]LogStats: UGameplayTagsManager::ConstructGameplayTagTree: GameplayTagTreeChangedEvent.Broadcast -  0.000 s
[2018.07.18-02.26.00:098][  0]SourceControl: Source control is disabled
[2018.07.18-02.26.00:098][  0]Cmd: MAP LOAD FILE="../../../Engine/Content/Maps/Templates/Template_Default.umap" TEMPLATE=1 SHOWPROGRESS=1 FEATURELEVEL=3
[2018.07.18-02.26.00:099][  0]LightingResults: New page: Lighting Build
[2018.07.18-02.26.00:101][  0]MapCheck: New page: Map Check
[2018.07.18-02.26.00:101][  0]LightingResults: New page: Lighting Build
[2018.07.18-02.26.00:255][  0]LogAIModule: Creating AISystem for world Untitled_1
[2018.07.18-02.26.00:260][  0]LogEditorServer: Finished looking for orphan Actors (0.000 secs)
[2018.07.18-02.26.00:273][  0]Cmd: MAP CHECKDEP NOCLEARLOG
[2018.07.18-02.26.00:322][  0]MapCheck: Map check complete: 0 Error(s), 0 Warning(s), took 48.712ms to complete.
[2018.07.18-02.26.00:322][  0]LogFileHelpers: Loading map 'Template_Default' took 0.224
[2018.07.18-02.26.00:460][  0]LogCollectionManager: Loaded 0 collections in 0.001679 seconds
[2018.07.18-02.26.00:502][  0]LogFileCache: Scanning file cache for directory 'C:/Users/Daxx/Documents/Unreal Projects/OurGameA/Saved/Collections/' took 0.01s
[2018.07.18-02.26.00:502][  0]LogFileCache: Scanning file cache for directory 'C:/Users/Daxx/Documents/Unreal Projects/OurGameA/Content/Developers/Daxx/Collections/' took 0.01s
[2018.07.18-02.26.00:502][  0]LogFileCache: Scanning file cache for directory 'C:/Users/Daxx/Documents/Unreal Projects/OurGameA/Content/Collections/' took 0.01s
[2018.07.18-02.26.00:502][  0]LogCollectionManager: Rebuilt the GUID cache for 0 collections in 0.000001 seconds
[2018.07.18-02.26.00:512][  0]LogContentBrowser: Native class hierarchy populated in 0.0097 seconds. Added 2453 classes and 560 folders.
[2018.07.18-02.26.00:518][  0]LogContentBrowser: Native class hierarchy updated for 'WidgetCarousel' in 0.0004 seconds. Added 0 classes and 0 folders.
[2018.07.18-02.26.00:556][  0]LogContentBrowser: Native class hierarchy updated for 'AddContentDialog' in 0.0006 seconds. Added 0 classes and 0 folders.
[2018.07.18-02.26.00:561][  0]LogContentBrowser: Native class hierarchy updated for 'SceneOutliner' in 0.0005 seconds. Added 1 classes and 2 folders.
[2018.07.18-02.26.00:623][  0]LogSlate: Took 0.000222 seconds to synchronously load lazily loaded font '../../../Engine/Content/Slate/Fonts/Roboto-Regular.ttf' (155K)
[2018.07.18-02.26.00:625][  0]LogSlate: Took 0.000219 seconds to synchronously load lazily loaded font '../../../Engine/Content/Slate/Fonts/Roboto-Bold.ttf' (160K)
[2018.07.18-02.26.00:633][  0]LogSlate: Took 0.000240 seconds to synchronously load lazily loaded font '../../../Engine/Content/Editor/Slate/Fonts/FontAwesome.ttf' (139K)
[2018.07.18-02.26.00:732][  0]LogRenderer: Reallocating scene render targets to support 1208x576 Format 10 NumSamples 1 (Frame:1).
[2018.07.18-02.26.00:867][  0]LogContentBrowser: Native class hierarchy updated for 'HierarchicalLODOutliner' in 0.0006 seconds. Added 0 classes and 0 folders.
[2018.07.18-02.26.00:867][  0]LogLoad: (Engine Initialization) Total time: 29.67 seconds
[2018.07.18-02.26.00:867][  0]LogLoad: (Engine Initialization) Total Blueprint compile time: 0.00 seconds
[2018.07.18-02.26.00:893][  0]LogAssetRegistry: Asset discovery search completed in 10.2922 seconds
[2018.07.18-02.26.00:895][  0]LogCollectionManager: Rebuilt the object cache for 0 collections in 0.000001 seconds (found 0 objects)
[2018.07.18-02.26.00:895][  0]LogCollectionManager: Fixed up redirectors for 0 collections in 0.000071 seconds (updated 0 objects)
[2018.07.18-02.26.00:898][  0]LogContentStreaming: Texture pool size now 1000 MB
[2018.07.18-02.26.04:963][471]LogSlate: FSceneViewport::OnFocusLost() reason 0
[2018.07.18-02.26.05:092][481]LogSlate: Window 'OurGameA - Unreal Editor' being destroyed
[2018.07.18-02.26.05:092][481]LogWindowsTextInputMethodSystem: Display: IME system now deactivated.
[2018.07.18-02.26.05:248][482]Cmd: QUIT_EDITOR
[2018.07.18-02.26.05:270][482]LogSlate: Slate User Destroyed.  User Index 0, Is Virtual User: 0
[2018.07.18-02.26.05:270][482]LogExit: Preparing to exit.
[2018.07.18-02.26.05:929][482]LogExit: Editor shut down
[2018.07.18-02.26.05:931][482]LogExit: Transaction tracking system shut down
[2018.07.18-02.26.06:092][482]LogDirectoryWatcher: A directory notification for '../../../Engine/Content/' was aborted.
[2018.07.18-02.26.06:092][482]LogDirectoryWatcher: A directory notification for '../../Plugins/2D/Paper2D/Content/' was aborted.
[2018.07.18-02.26.06:092][482]LogDirectoryWatcher: A directory notification for '../../Plugins/Enterprise/DatasmithContent/Content/' was aborted.
[2018.07.18-02.26.06:092][482]LogDirectoryWatcher: A directory notification for '../../Plugins/Media/MediaCompositing/Content/' was aborted.
[2018.07.18-02.26.06:092][482]LogDirectoryWatcher: A directory notification for '../../Plugins/Runtime/AppleARKit/Content/' was aborted.
[2018.07.18-02.26.06:092][482]LogDirectoryWatcher: A directory notification for '../../Plugins/Runtime/Oculus/OculusVR/Content/' was aborted.
[2018.07.18-02.26.06:092][482]LogDirectoryWatcher: A directory notification for '../../Plugins/Runtime/Steam/SteamVR/Content/' was aborted.
[2018.07.18-02.26.06:153][482]LogExit: Object subsystem successfully closed.
[2018.07.18-02.26.06:223][482]LogShaderCompilers: Display: Shaders left to compile 0
[2018.07.18-02.26.06:227][482]LogD3D11RHI: Shutdown
[2018.07.18-02.26.06:227][482]LogD3D11RHI: CleanupD3DDevice
[2018.07.18-02.26.06:244][482]LogD3D11RHI: ~FD3D11DynamicRHI
[2018.07.18-02.26.06:262][482]LogModuleManager: Shutting down and abandoning module HierarchicalLODOutliner (578)
[2018.07.18-02.26.06:262][482]LogModuleManager: Shutting down and abandoning module SceneOutliner (576)
[2018.07.18-02.26.06:262][482]LogModuleManager: Shutting down and abandoning module AddContentDialog (574)
[2018.07.18-02.26.06:262][482]LogDirectoryWatcher: A directory notification for 'C:/Program Files/Epic Games/UE_4.19/FeaturePacks/' was aborted.
[2018.07.18-02.26.06:264][482]LogModuleManager: Shutting down and abandoning module WidgetCarousel (573)
[2018.07.18-02.26.06:264][482]LogModuleManager: Shutting down and abandoning module EditorWidgets (570)
[2018.07.18-02.26.06:264][482]LogModuleManager: Shutting down and abandoning module CollectionManager (568)
[2018.07.18-02.26.06:264][482]LogDirectoryWatcher: A directory notification for 'C:/Users/Daxx/Documents/Unreal Projects/OurGameA/Content/Collections/' was aborted.
[2018.07.18-02.26.06:264][482]LogDirectoryWatcher: A directory notification for 'C:/Users/Daxx/Documents/Unreal Projects/OurGameA/Content/Developers/Daxx/Collections/' was aborted.
[2018.07.18-02.26.06:264][482]LogDirectoryWatcher: A directory notification for 'C:/Users/Daxx/Documents/Unreal Projects/OurGameA/Saved/Collections/' was aborted.
[2018.07.18-02.26.06:264][482]LogModuleManager: Shutting down and abandoning module HierarchicalLODUtilities (566)
[2018.07.18-02.26.06:264][482]LogModuleManager: Shutting down and abandoning module StatsViewer (564)
[2018.07.18-02.26.06:264][482]LogModuleManager: Shutting down and abandoning module FoliageEdit (562)
[2018.07.18-02.26.06:264][482]LogModuleManager: Shutting down and abandoning module LandscapeEditor (560)
[2018.07.18-02.26.06:264][482]LogModuleManager: Shutting down and abandoning module MeshPaintMode (558)
[2018.07.18-02.26.06:264][482]LogModuleManager: Shutting down and abandoning module SceneDepthPickerMode (556)
[2018.07.18-02.26.06:264][482]LogModuleManager: Shutting down and abandoning module ActorPickerMode (554)
[2018.07.18-02.26.06:264][482]LogModuleManager: Shutting down and abandoning module GeometryMode (552)
[2018.07.18-02.26.06:265][482]LogModuleManager: Shutting down and abandoning module TextureAlignMode (550)
[2018.07.18-02.26.06:265][482]LogModuleManager: Shutting down and abandoning module BspMode (548)
[2018.07.18-02.26.06:265][482]LogModuleManager: Shutting down and abandoning module PIEPreviewDeviceProfileSelector (546)
[2018.07.18-02.26.06:265][482]LogModuleManager: Shutting down and abandoning module HardwareSurvey (544)
[2018.07.18-02.26.06:265][482]LogModuleManager: Shutting down and abandoning module SequenceRecorderSections (542)
[2018.07.18-02.26.06:265][482]LogModuleManager: Shutting down and abandoning module AutomationWorker (540)
[2018.07.18-02.26.06:265][482]LogModuleManager: Shutting down and abandoning module AudioCaptureEditor (538)
[2018.07.18-02.26.06:265][482]LogModuleManager: Shutting down and abandoning module SequenceRecorder (537)
[2018.07.18-02.26.06:265][482]LogModuleManager: Shutting down and abandoning module MatineeToLevelSequence (534)
[2018.07.18-02.26.06:265][482]LogModuleManager: Shutting down and abandoning module LevelSequenceEditor (532)
[2018.07.18-02.26.06:265][482]LogModuleManager: Shutting down and abandoning module PlacementMode (531)
[2018.07.18-02.26.06:265][482]LogModuleManager: Shutting down and abandoning module MaterialEditor (530)
[2018.07.18-02.26.06:265][482]LogModuleManager: Shutting down and abandoning module WmfMediaFactory (526)
[2018.07.18-02.26.06:265][482]LogModuleManager: Shutting down and abandoning module WmfMediaEditor (524)
[2018.07.18-02.26.06:265][482]LogModuleManager: Shutting down and abandoning module MediaPlayerEditor (522)
[2018.07.18-02.26.06:265][482]LogModuleManager: Shutting down and abandoning module OpenExrWrapper (520)
[2018.07.18-02.26.06:265][482]LogModuleManager: Shutting down and abandoning module ImgMediaFactory (518)
[2018.07.18-02.26.06:265][482]LogModuleManager: Shutting down and abandoning module ImgMediaEditor (516)
[2018.07.18-02.26.06:265][482]LogModuleManager: Shutting down and abandoning module AvfMediaFactory (514)
[2018.07.18-02.26.06:265][482]LogModuleManager: Shutting down and abandoning module AvfMediaEditor (512)
[2018.07.18-02.26.06:265][482]LogModuleManager: Shutting down and abandoning module AndroidMediaFactory (510)
[2018.07.18-02.26.06:265][482]LogModuleManager: Shutting down and abandoning module AndroidMediaEditor (508)
[2018.07.18-02.26.06:265][482]LogModuleManager: Shutting down and abandoning module CharacterAI (506)
[2018.07.18-02.26.06:265][482]LogModuleManager: Shutting down and abandoning module SmartSnapping (504)
[2018.07.18-02.26.06:265][482]LogModuleManager: Shutting down and abandoning module SessionServices (502)
[2018.07.18-02.26.06:265][482]LogModuleManager: Shutting down and abandoning module ViewportSnapping (500)
[2018.07.18-02.26.06:265][482]LogModuleManager: Shutting down and abandoning module ViewportInteraction (498)
[2018.07.18-02.26.06:265][482]LogModuleManager: Shutting down and abandoning module ClothPainter (496)
[2018.07.18-02.26.06:265][482]LogModuleManager: Shutting down and abandoning module SkeletalMeshEditor (495)
[2018.07.18-02.26.06:265][482]LogModuleManager: Shutting down and abandoning module LogVisualizer (492)
[2018.07.18-02.26.06:265][482]LogModuleManager: Shutting down and abandoning module IntroTutorials (490)
[2018.07.18-02.26.06:265][482]LogModuleManager: Shutting down and abandoning module GameProjectGeneration (489)
[2018.07.18-02.26.06:265][482]LogModuleManager: Shutting down and abandoning module IOSPlatformEditor (486)
[2018.07.18-02.26.06:265][482]LogModuleManager: Shutting down and abandoning module HTML5PlatformEditor (484)
[2018.07.18-02.26.06:265][482]LogModuleManager: Shutting down and abandoning module AndroidPlatformEditor (482)
[2018.07.18-02.26.06:265][482]LogModuleManager: Shutting down and abandoning module AndroidDeviceDetection (481)
[2018.07.18-02.26.06:667][482]LogModuleManager: Shutting down and abandoning module WindowsPlatformEditor (478)
[2018.07.18-02.26.06:667][482]LogModuleManager: Shutting down and abandoning module IOSRuntimeSettings (476)
[2018.07.18-02.26.06:667][482]LogModuleManager: Shutting down and abandoning module AndroidRuntimeSettings (474)
[2018.07.18-02.26.06:667][482]LogModuleManager: Shutting down and abandoning module InputBindingEditor (472)
[2018.07.18-02.26.06:667][482]LogModuleManager: Shutting down and abandoning module MergeActors (470)
[2018.07.18-02.26.06:667][482]LogModuleManager: Shutting down and abandoning module LocalizationDashboard (468)
[2018.07.18-02.26.06:667][482]LogModuleManager: Shutting down and abandoning module LocalizationService (467)
[2018.07.18-02.26.06:667][482]LogModuleManager: Shutting down and abandoning module HardwareTargeting (464)
[2018.07.18-02.26.06:667][482]LogModuleManager: Shutting down and abandoning module DeviceProfileEditor (462)
[2018.07.18-02.26.06:667][482]LogModuleManager: Shutting down and abandoning module UndoHistory (460)
[2018.07.18-02.26.06:667][482]LogModuleManager: Shutting down and abandoning module XmlParser (458)
[2018.07.18-02.26.06:667][482]LogModuleManager: Shutting down and abandoning module Blutility (456)
[2018.07.18-02.26.06:667][482]LogModuleManager: Shutting down and abandoning module ProjectSettingsViewer (454)
[2018.07.18-02.26.06:667][482]LogModuleManager: Shutting down and abandoning module ProjectTargetPlatformEditor (453)
[2018.07.18-02.26.06:667][482]LogModuleManager: Shutting down and abandoning module EditorSettingsViewer (450)
[2018.07.18-02.26.06:668][482]LogModuleManager: Shutting down and abandoning module SettingsEditor (448)
[2018.07.18-02.26.06:668][482]LogModuleManager: Shutting down and abandoning module ProjectLauncher (446)
[2018.07.18-02.26.06:668][482]LogModuleManager: Shutting down and abandoning module SessionFrontend (444)
[2018.07.18-02.26.06:668][482]LogModuleManager: Shutting down and abandoning module ProfilerClient (442)
[2018.07.18-02.26.06:668][482]LogModuleManager: Shutting down and abandoning module DeviceManager (440)
[2018.07.18-02.26.06:668][482]LogModuleManager: Shutting down and abandoning module TargetDeviceServices (439)
[2018.07.18-02.26.06:723][482]LogModuleManager: Shutting down and abandoning module AutomationController (436)
[2018.07.18-02.26.06:723][482]LogModuleManager: Shutting down and abandoning module AutomationWindow (434)
[2018.07.18-02.26.06:723][482]LogModuleManager: Shutting down and abandoning module Layers (432)
[2018.07.18-02.26.06:723][482]LogModuleManager: Shutting down and abandoning module ComponentVisualizers (430)
[2018.07.18-02.26.06:723][482]LogModuleManager: Shutting down and abandoning module DetailCustomizations (428)
[2018.07.18-02.26.06:723][482]LogModuleManager: Shutting down and abandoning module PackagesDialog (426)
[2018.07.18-02.26.06:723][482]LogModuleManager: Shutting down and abandoning module Persona (424)
[2018.07.18-02.26.06:723][482]LogModuleManager: Shutting down and abandoning module AdvancedPreviewScene (423)
[2018.07.18-02.26.06:723][482]LogModuleManager: Shutting down and abandoning module AnimGraph (421)
[2018.07.18-02.26.06:723][482]LogModuleManager: Shutting down and abandoning module Kismet (418)
[2018.07.18-02.26.06:723][482]LogModuleManager: Shutting down and abandoning module GraphEditor (416)
[2018.07.18-02.26.06:723][482]LogModuleManager: Shutting down and abandoning module ClassViewer (414)
[2018.07.18-02.26.06:723][482]LogModuleManager: Shutting down and abandoning module Toolbox (412)
[2018.07.18-02.26.06:723][482]LogModuleManager: Shutting down and abandoning module ModuleUI (410)
[2018.07.18-02.26.06:723][482]LogModuleManager: Shutting down and abandoning module MovieSceneTools (408)
[2018.07.18-02.26.06:723][482]LogModuleManager: Shutting down and abandoning module OutputLog (406)
[2018.07.18-02.26.06:723][482]LogModuleManager: Shutting down and abandoning module GammaUI (404)
[2018.07.18-02.26.06:723][482]LogModuleManager: Shutting down and abandoning module Documentation (402)
[2018.07.18-02.26.06:723][482]LogModuleManager: Shutting down and abandoning module MovieSceneTracks (400)
[2018.07.18-02.26.06:723][482]LogModuleManager: Shutting down and abandoning module MovieScene (398)
[2018.07.18-02.26.06:723][482]LogModuleManager: Shutting down and abandoning module StreamingPauseRendering (396)
[2018.07.18-02.26.06:723][482]LogModuleManager: Shutting down and abandoning module LauncherPlatform (394)
[2018.07.18-02.26.06:723][482]LogModuleManager: Shutting down and abandoning module AnalyticsET (392)
[2018.07.18-02.26.06:723][482]LogModuleManager: Shutting down and abandoning module PortalServices (390)
[2018.07.18-02.26.06:723][482]LogModuleManager: Shutting down and abandoning module PortalRpc (388)
[2018.07.18-02.26.06:723][482]LogModuleManager: Shutting down and abandoning module MessagingRpc (386)
[2018.07.18-02.26.06:723][482]LogModuleManager: Shutting down and abandoning module AIModule (384)
[2018.07.18-02.26.06:723][482]LogModuleManager: Shutting down and abandoning module GameplayDebugger (383)
[2018.07.18-02.26.06:724][482]LogModuleManager: Shutting down and abandoning module AITestSuite (381)
[2018.07.18-02.26.06:724][482]LogModuleManager: Shutting down and abandoning module ProfilerService (378)
[2018.07.18-02.26.06:954][482]LogModuleManager: Shutting down and abandoning module TaskGraph (376)
[2018.07.18-02.26.06:954][482]LogModuleManager: Shutting down and abandoning module SteamVRController (374)
[2018.07.18-02.26.06:954][482]LogModuleManager: Shutting down and abandoning module ProceduralMeshComponentEditor (372)
[2018.07.18-02.26.06:954][482]LogModuleManager: Shutting down and abandoning module ProceduralMeshComponent (370)
[2018.07.18-02.26.06:954][482]LogModuleManager: Shutting down and abandoning module OculusInput (368)
[2018.07.18-02.26.06:954][482]LogModuleManager: Shutting down and abandoning module MobilePatchingUtils (366)
[2018.07.18-02.26.06:954][482]LogModuleManager: Shutting down and abandoning module CustomMeshComponent (364)
[2018.07.18-02.26.06:954][482]LogModuleManager: Shutting down and abandoning module CableComponent (362)
[2018.07.18-02.26.06:954][482]LogModuleManager: Shutting down and abandoning module AudioCapture (360)
[2018.07.18-02.26.06:954][482]LogModuleManager: Shutting down and abandoning module ArchVisCharacter (358)
[2018.07.18-02.26.06:954][482]LogModuleManager: Shutting down and abandoning module AndroidPermission (356)
[2018.07.18-02.26.06:954][482]LogModuleManager: Shutting down and abandoning module NUTUnrealEngine4 (352)
[2018.07.18-02.26.06:954][482]LogModuleManager: Shutting down and abandoning module NetcodeUnitTest (350)
[2018.07.18-02.26.06:954][482]LogModuleManager: Shutting down and abandoning module MediaCompositingEditor (348)
[2018.07.18-02.26.06:954][482]LogModuleManager: Shutting down and abandoning module MediaCompositing (346)
[2018.07.18-02.26.06:954][482]LogModuleManager: Shutting down and abandoning module LinearTimecode (344)
[2018.07.18-02.26.06:954][482]LogModuleManager: Shutting down and abandoning module ImgMedia (342)
[2018.07.18-02.26.06:957][482]LogModuleManager: Shutting down and abandoning module HTML5Networking (340)
[2018.07.18-02.26.06:957][482]LogModuleManager: Shutting down and abandoning module AlembicImporter (338)
[2018.07.18-02.26.06:957][482]LogModuleManager: Shutting down and abandoning module AlembicLibrary (337)
[2018.07.18-02.26.06:957][482]LogModuleManager: Shutting down and abandoning module GeometryCache (336)
[2018.07.18-02.26.06:957][482]LogModuleManager: Shutting down and abandoning module GeometryCacheEd (335)
[2018.07.18-02.26.06:957][482]LogModuleManager: Shutting down and abandoning module DatasmithContent (330)
[2018.07.18-02.26.06:957][482]LogModuleManager: Shutting down and abandoning module SpeedTreeImporter (328)
[2018.07.18-02.26.06:957][482]LogModuleManager: Shutting down and abandoning module PluginBrowser (326)
[2018.07.18-02.26.06:957][482]LogModuleManager: Shutting down and abandoning module MobileLauncherProfileWizard (324)
[2018.07.18-02.26.06:957][482]LogModuleManager: Shutting down and abandoning module CryptoKeysOpenSSL (322)
[2018.07.18-02.26.06:957][482]LogModuleManager: Shutting down and abandoning module CryptoKeys (320)
[2018.07.18-02.26.06:957][482]LogModuleManager: Shutting down and abandoning module VisualStudioSourceCodeAccess (318)
[2018.07.18-02.26.06:957][482]LogModuleManager: Shutting down and abandoning module VisualStudioCodeSourceCodeAccess (316)
[2018.07.18-02.26.06:957][482]LogModuleManager: Shutting down and abandoning module UObjectPlugin (314)
[2018.07.18-02.26.06:957][482]LogModuleManager: Shutting down and abandoning module SubversionSourceControl (312)
[2018.07.18-02.26.06:957][482]LogModuleManager: Shutting down and abandoning module PerforceSourceControl (310)
[2018.07.18-02.26.06:957][482]LogModuleManager: Shutting down and abandoning module GitSourceControl (308)
[2018.07.18-02.26.06:957][482]LogModuleManager: Shutting down and abandoning module SourceControl (307)
[2018.07.18-02.26.06:957][482]LogModuleManager: Shutting down and abandoning module CLionSourceCodeAccess (304)
[2018.07.18-02.26.06:957][482]LogModuleManager: Shutting down and abandoning module LightPropagationVolumeEditor (302)
[2018.07.18-02.26.06:957][482]LogModuleManager: Shutting down and abandoning module PaperTiledImporter (300)
[2018.07.18-02.26.06:957][482]LogModuleManager: Shutting down and abandoning module PaperSpriteSheetImporter (298)
[2018.07.18-02.26.06:957][482]LogModuleManager: Shutting down and abandoning module Paper2DEditor (296)
[2018.07.18-02.26.06:957][482]LogModuleManager: Shutting down and abandoning module MeshPaint (295)
[2018.07.18-02.26.06:957][482]LogModuleManager: Shutting down and abandoning module OurGameA (292)
[2018.07.18-02.26.06:957][482]LogModuleManager: Shutting down and abandoning module RuntimePhysXCooking (290)
[2018.07.18-02.26.06:957][482]LogModuleManager: Shutting down and abandoning module PhysXVehiclesEditor (288)
[2018.07.18-02.26.06:957][482]LogModuleManager: Shutting down and abandoning module PhysXVehicles (286)
[2018.07.18-02.26.06:957][482]LogModuleManager: Shutting down and abandoning module OculusEditor (284)
[2018.07.18-02.26.06:957][482]LogModuleManager: Shutting down and abandoning module LocationServicesBPLibrary (282)
[2018.07.18-02.26.06:957][482]LogModuleManager: Shutting down and abandoning module ImmediatePhysicsEditor (280)
[2018.07.18-02.26.06:957][482]LogModuleManager: Shutting down and abandoning module ImmediatePhysics (278)
[2018.07.18-02.26.06:957][482]LogModuleManager: Shutting down and abandoning module ActorSequence (276)
[2018.07.18-02.26.06:957][482]LogModuleManager: Shutting down and abandoning module UdpMessaging (274)
[2018.07.18-02.26.07:058][482]LogModuleManager: Shutting down and abandoning module TcpMessaging (272)
[2018.07.18-02.26.07:159][482]LogModuleManager: Shutting down and abandoning module GameplayTagsEditor (270)
[2018.07.18-02.26.07:159][482]LogModuleManager: Shutting down and abandoning module FacialAnimationEditor (268)
[2018.07.18-02.26.07:159][482]LogModuleManager: Shutting down and abandoning module FacialAnimation (266)
[2018.07.18-02.26.07:159][482]LogModuleManager: Shutting down and abandoning module DataValidation (264)
[2018.07.18-02.26.07:159][482]LogModuleManager: Shutting down and abandoning module AssetManagerEditor (262)
[2018.07.18-02.26.07:159][482]LogModuleManager: Shutting down and abandoning module LevelEditor (261)
[2018.07.18-02.26.07:159][482]LogModuleManager: Shutting down and abandoning module PixelInspectorModule (260)
[2018.07.18-02.26.07:159][482]LogModuleManager: Shutting down and abandoning module CommonMenuExtensions (258)
[2018.07.18-02.26.07:159][482]LogModuleManager: Shutting down and abandoning module MainFrame (256)
[2018.07.18-02.26.07:160][482]LogModuleManager: Shutting down and abandoning module HotReload (255)
[2018.07.18-02.26.07:160][482]LogDirectoryWatcher: A directory notification for 'C:/Users/Daxx/Documents/Unreal Projects/OurGameA/Binaries/Win64' was aborted.
[2018.07.18-02.26.07:160][482]LogModuleManager: Shutting down and abandoning module ContentBrowser (251)
[2018.07.18-02.26.07:161][482]LogModuleManager: Shutting down and abandoning module TreeMap (249)
[2018.07.18-02.26.07:161][482]LogModuleManager: Shutting down and abandoning module LightPropagationVolumeRuntime (246)
[2018.07.18-02.26.07:161][482]LogModuleManager: Shutting down and abandoning module LiveLinkEditor (244)
[2018.07.18-02.26.07:161][482]LogModuleManager: Shutting down and abandoning module LiveLink (242)
[2018.07.18-02.26.07:575][482]LogModuleManager: Shutting down and abandoning module Paper2D (240)
[2018.07.18-02.26.07:575][482]LogModuleManager: Shutting down and abandoning module WindowsMoviePlayer (238)
[2018.07.18-02.26.07:575][482]LogModuleManager: Shutting down and abandoning module WmfMedia (236)
[2018.07.18-02.26.07:576][482]LogModuleManager: Shutting down and abandoning module Media (235)
[2018.07.18-02.26.07:582][482]LogModuleManager: Shutting down and abandoning module PacketHandler (232)
[2018.07.18-02.26.07:582][482]LogModuleManager: Shutting down and abandoning module ClothingSystemEditor (230)
[2018.07.18-02.26.07:582][482]LogModuleManager: Shutting down and abandoning module ClothingSystemRuntime (228)
[2018.07.18-02.26.07:582][482]LogModuleManager: Shutting down and abandoning module MediaAssets (226)
[2018.07.18-02.26.07:582][482]LogModuleManager: Shutting down and abandoning module Overlay (224)
[2018.07.18-02.26.07:582][482]LogModuleManager: Shutting down and abandoning module OverlayEditor (223)
[2018.07.18-02.26.07:582][482]LogModuleManager: Shutting down and abandoning module VREditor (220)
[2018.07.18-02.26.07:582][482]LogModuleManager: Shutting down and abandoning module StringTableEditor (218)
[2018.07.18-02.26.07:582][482]LogModuleManager: Shutting down and abandoning module GameplayTasksEditor (216)
[2018.07.18-02.26.07:582][482]LogModuleManager: Shutting down and abandoning module BehaviorTreeEditor (214)
[2018.07.18-02.26.07:582][482]LogModuleManager: Shutting down and abandoning module FunctionalTesting (212)
[2018.07.18-02.26.07:582][482]LogModuleManager: Shutting down and abandoning module CollisionAnalyzer (210)
[2018.07.18-02.26.07:582][482]LogModuleManager: Shutting down and abandoning module WorkspaceMenuStructure (209)
[2018.07.18-02.26.07:582][482]LogModuleManager: Shutting down and abandoning module UMG (206)
[2018.07.18-02.26.07:582][482]LogModuleManager: Shutting down and abandoning module UMGEditor (205)
[2018.07.18-02.26.07:582][482]LogModuleManager: Shutting down and abandoning module Sequencer (204)
[2018.07.18-02.26.07:582][482]LogModuleManager: Shutting down and abandoning module MessageLog (201)
[2018.07.18-02.26.07:582][482]LogModuleManager: Shutting down and abandoning module SlateReflector (196)
[2018.07.18-02.26.07:582][482]LogModuleManager: Shutting down and abandoning module Slate (194)
[2018.07.18-02.26.07:582][482]LogModuleManager: Shutting down and abandoning module EditorStyle (192)
[2018.07.18-02.26.07:583][482]LogModuleManager: Shutting down and abandoning module MRMesh (190)
[2018.07.18-02.26.07:584][482]LogModuleManager: Shutting down and abandoning module SourceCodeAccess (188)
[2018.07.18-02.26.07:584][482]LogModuleManager: Shutting down and abandoning module HeadMountedDisplay (186)
[2018.07.18-02.26.07:584][482]LogModuleManager: Shutting down and abandoning module XAudio2 (184)
[2018.07.18-02.26.07:584][482]LogModuleManager: Shutting down and abandoning module Networking (182)
[2018.07.18-02.26.07:584][482]LogModuleManager: Shutting down and abandoning module Core (180)
[2018.07.18-02.26.07:584][482]LogModuleManager: Shutting down and abandoning module LevelSequence (178)
[2018.07.18-02.26.07:584][482]LogModuleManager: Shutting down and abandoning module KismetCompiler (176)
[2018.07.18-02.26.07:584][482]LogModuleManager: Shutting down and abandoning module MeshUtilities (174)
[2018.07.18-02.26.07:584][482]LogModuleManager: Shutting down and abandoning module MeshMergeUtilities (173)
[2018.07.18-02.26.07:584][482]LogModuleManager: Shutting down and abandoning module MeshReductionInterface (172)
[2018.07.18-02.26.07:584][482]LogModuleManager: Shutting down and abandoning module SimplygonSwarm (171)
[2018.07.18-02.26.07:584][482]LogModuleManager: Shutting down and abandoning module SimplygonMeshReduction (169)
[2018.07.18-02.26.07:584][482]LogModuleManager: Shutting down and abandoning module QuadricMeshReduction (167)
[2018.07.18-02.26.07:584][482]LogModuleManager: Shutting down and abandoning module MaterialBaking (163)
[2018.07.18-02.26.07:584][482]LogModuleManager: Shutting down and abandoning module DirectoryWatcher (159)
[2018.07.18-02.26.07:584][482]LogModuleManager: Shutting down and abandoning module DerivedDataCache (156)
[2018.07.18-02.26.08:025][482]LogDerivedDataCache: Shutdown
[2018.07.18-02.26.08:025][482]LogModuleManager: Shutting down and abandoning module XGEController (154)
[2018.07.18-02.26.08:025][482]LogXGEController: Cleaning working directory: C:/Users/Daxx/AppData/Local/Temp/UnrealXGEWorkingDir/
[2018.07.18-02.26.08:025][482]LogModuleManager: Shutting down and abandoning module TargetPlatform (152)
[2018.07.18-02.26.08:025][482]LogModuleManager: Shutting down and abandoning module VulkanShaderFormat (151)
[2018.07.18-02.26.08:025][482]LogModuleManager: Shutting down and abandoning module ShaderFormatVectorVM (149)
[2018.07.18-02.26.08:025][482]LogModuleManager: Shutting down and abandoning module ShaderFormatOpenGL (147)
[2018.07.18-02.26.08:025][482]LogModuleManager: Shutting down and abandoning module ShaderFormatD3D (145)
[2018.07.18-02.26.08:025][482]LogModuleManager: Shutting down and abandoning module MetalShaderFormat (143)
[2018.07.18-02.26.08:025][482]LogModuleManager: Shutting down and abandoning module TextureFormatUncompressed (141)
[2018.07.18-02.26.08:025][482]LogModuleManager: Shutting down and abandoning module TextureFormatPVR (139)
[2018.07.18-02.26.08:025][482]LogModuleManager: Shutting down and abandoning module TextureFormatDXT (137)
[2018.07.18-02.26.08:025][482]LogModuleManager: Shutting down and abandoning module TextureFormatIntelISPCTexComp (135)
[2018.07.18-02.26.08:025][482]LogModuleManager: Shutting down and abandoning module TextureFormatASTC (133)
[2018.07.18-02.26.08:025][482]LogModuleManager: Shutting down and abandoning module ImageWrapper (132)
[2018.07.18-02.26.08:025][482]LogModuleManager: Shutting down and abandoning module TextureFormatAndroid (129)
[2018.07.18-02.26.08:025][482]LogModuleManager: Shutting down and abandoning module AudioFormatOpus (127)
[2018.07.18-02.26.08:025][482]LogModuleManager: Shutting down and abandoning module AudioFormatOgg (125)
[2018.07.18-02.26.08:025][482]LogModuleManager: Shutting down and abandoning module AudioFormatADPCM (123)
[2018.07.18-02.26.08:025][482]LogModuleManager: Shutting down and abandoning module LinuxTargetPlatform (121)
[2018.07.18-02.26.08:025][482]LogModuleManager: Shutting down and abandoning module LinuxServerTargetPlatform (119)
[2018.07.18-02.26.08:025][482]LogModuleManager: Shutting down and abandoning module LinuxNoEditorTargetPlatform (117)
[2018.07.18-02.26.08:025][482]LogModuleManager: Shutting down and abandoning module LinuxClientTargetPlatform (115)
[2018.07.18-02.26.08:025][482]LogModuleManager: Shutting down and abandoning module TVOSTargetPlatform (113)
[2018.07.18-02.26.08:025][482]LogModuleManager: Shutting down and abandoning module Messaging (111)
[2018.07.18-02.26.08:025][482]LogModuleManager: Shutting down and abandoning module IOSTargetPlatform (109)
[2018.07.18-02.26.08:025][482]LogModuleManager: Shutting down and abandoning module HTML5TargetPlatform (107)
[2018.07.18-02.26.08:025][482]LogModuleManager: Shutting down and abandoning module AndroidTargetPlatform (105)
[2018.07.18-02.26.08:025][482]LogModuleManager: Shutting down and abandoning module Android_PVRTCTargetPlatform (103)
[2018.07.18-02.26.08:025][482]LogModuleManager: Shutting down and abandoning module Android_MultiTargetPlatform (101)
[2018.07.18-02.26.08:025][482]LogModuleManager: Shutting down and abandoning module Android_ETC2TargetPlatform (99)
[2018.07.18-02.26.08:025][482]LogModuleManager: Shutting down and abandoning module Android_ETC1TargetPlatform (97)
[2018.07.18-02.26.08:025][482]LogModuleManager: Shutting down and abandoning module Android_ETC1aTargetPlatform (95)
[2018.07.18-02.26.08:025][482]LogModuleManager: Shutting down and abandoning module Android_DXTTargetPlatform (93)
[2018.07.18-02.26.08:025][482]LogModuleManager: Shutting down and abandoning module Android_ATCTargetPlatform (91)
[2018.07.18-02.26.08:025][482]LogModuleManager: Shutting down and abandoning module Android_ASTCTargetPlatform (89)
[2018.07.18-02.26.08:025][482]LogModuleManager: Shutting down and abandoning module WindowsTargetPlatform (87)
[2018.07.18-02.26.08:025][482]LogModuleManager: Shutting down and abandoning module WindowsServerTargetPlatform (85)
[2018.07.18-02.26.08:025][482]LogModuleManager: Shutting down and abandoning module WindowsNoEditorTargetPlatform (83)
[2018.07.18-02.26.08:025][482]LogModuleManager: Shutting down and abandoning module WindowsClientTargetPlatform (81)
[2018.07.18-02.26.08:025][482]LogModuleManager: Shutting down and abandoning module MacTargetPlatform (79)
[2018.07.18-02.26.08:025][482]LogModuleManager: Shutting down and abandoning module MacServerTargetPlatform (77)
[2018.07.18-02.26.08:025][482]LogModuleManager: Shutting down and abandoning module MacNoEditorTargetPlatform (75)
[2018.07.18-02.26.08:025][482]LogModuleManager: Shutting down and abandoning module MacClientTargetPlatform (73)
[2018.07.18-02.26.08:025][482]LogModuleManager: Shutting down and abandoning module AllDesktopTargetPlatform (71)
[2018.07.18-02.26.08:025][482]LogModuleManager: Shutting down and abandoning module InputCore (68)
[2018.07.18-02.26.08:025][482]LogModuleManager: Shutting down and abandoning module Settings (66)
[2018.07.18-02.26.08:025][482]LogModuleManager: Shutting down and abandoning module PhysXCooking (64)
[2018.07.18-02.26.08:025][482]LogModuleManager: Shutting down and abandoning module SteamVR (62)
[2018.07.18-02.26.08:025][482]LogModuleManager: Shutting down and abandoning module OculusHMD (60)
[2018.07.18-02.26.08:025][482]LogModuleManager: Shutting down and abandoning module ExampleDeviceProfileSelector (58)
[2018.07.18-02.26.08:025][482]LogModuleManager: Shutting down and abandoning module AppleARKit (56)
[2018.07.18-02.26.08:025][482]LogModuleManager: Shutting down and abandoning module AugmentedReality (53)
[2018.07.18-02.26.08:025][482]LogModuleManager: Shutting down and abandoning module OnlineBlueprintSupport (50)
[2018.07.18-02.26.08:025][482]LogModuleManager: Shutting down and abandoning module OnlineSubsystem (46)
[2018.07.18-02.26.08:026][482]LogModuleManager: Shutting down and abandoning module XMPP (45)
[2018.07.18-02.26.08:026][482]LogModuleManager: Shutting down and abandoning module HTTP (43)
[2018.07.18-02.26.08:026][482]LogHttp: Display: Http module shutting down, but needs to wait on 1 outstanding Http requests:
[2018.07.18-02.26.08:026][482]LogHttp: Display: 	verb=[POST] url=[https://datarouter.ol.epicgames.com/datarouter/api/v1/public/data?SessionID=%7B20AAB02D-4040-FEDF-2D6B-FAA6E456749B%7D&AppID=UEEditor.Rocket.Release&AppVersion=4.19.2-4033788%2B%2B%2BUE4%2BRelease-4.19&UserID=f777759f492b41025834b9a3a8476b63%7Cac8d39303bb147be9013f0e47becb722%7Cce311858-9d0e-47f9-bbc7-3695a581b225&AppEnvironment=datacollector-binary&UploadType=eteventstream] status=Processing
[2018.07.18-02.26.08:047][482]LogModuleManager: Shutting down and abandoning module SSL (42)
[2018.07.18-02.26.08:049][482]LogModuleManager: Shutting down and abandoning module DesktopPlatform (38)
[2018.07.18-02.26.08:049][482]LogModuleManager: Shutting down and abandoning module AnimationModifiers (36)
[2018.07.18-02.26.08:049][482]LogModuleManager: Shutting down and abandoning module PropertyEditor (35)
[2018.07.18-02.26.08:049][482]LogModuleManager: Shutting down and abandoning module AudioEditor (32)
[2018.07.18-02.26.08:049][482]LogModuleManager: Shutting down and abandoning module TextureCompressor (30)
[2018.07.18-02.26.08:049][482]LogModuleManager: Shutting down and abandoning module ShaderCore (28)
[2018.07.18-02.26.08:049][482]LogModuleManager: Shutting down and abandoning module Landscape (26)
[2018.07.18-02.26.08:049][482]LogModuleManager: Shutting down and abandoning module SlateRHIRenderer (24)
[2018.07.18-02.26.08:049][482]LogModuleManager: Shutting down and abandoning module OpenGLDrv (22)
[2018.07.18-02.26.08:049][482]LogModuleManager: Shutting down and abandoning module D3D11RHI (20)
[2018.07.18-02.26.08:049][482]LogModuleManager: Shutting down and abandoning module AnimGraphRuntime (18)
[2018.07.18-02.26.08:049][482]LogModuleManager: Shutting down and abandoning module Renderer (16)
[2018.07.18-02.26.08:049][482]LogModuleManager: Shutting down and abandoning module Engine (14)
[2018.07.18-02.26.08:049][482]LogModuleManager: Shutting down and abandoning module CoreUObject (12)
[2018.07.18-02.26.08:049][482]LogModuleManager: Shutting down and abandoning module NetworkFile (10)
[2018.07.18-02.26.08:049][482]LogModuleManager: Shutting down and abandoning module CookedIterativeFile (8)
[2018.07.18-02.26.08:049][482]LogModuleManager: Shutting down and abandoning module StreamingFile (6)
[2018.07.18-02.26.08:049][482]LogModuleManager: Shutting down and abandoning module SandboxFile (4)
[2018.07.18-02.26.08:049][482]LogModuleManager: Shutting down and abandoning module PakFile (2)
[2018.07.18-02.26.08:054][482]LogExit: Exiting.
[2018.07.18-02.26.08:063][482]Log file closed, 07/17/18 19:26:08
